INFO:rl:
-------New log started-------

INFO:rl:start training at time Sat Oct  1 02:18:54 2022
INFO:rl:Best reward at 0 is -1729, action sequence is [0, 0, 0, 0, 0, 0, 1, 1, 1, 1, 1, 1, 2, 3, 0, 0, 0, 0, 1, 0, 2, 0, 0, 0, 1, 1, 1, 0, 2, 3, 3, 0, 0, 0, 1, 1, 1, 0, 2, 0, 1, 1, 0, 2, 1, 0, 2, 3, 3, 1, 2, 1, 0, 2, 1, 0, 2, 3, 3, 0, 2, 0, 2, 0, 2, 3, 0, 0, 1, 1, 0, 2, 0, 0, 1, 1, 0, 2, 3, 3, 0, 0, 1, 1, 0, 2, 0, 0, 1, 1, 0, 2, 0, 0, 1, 1, 0, 2, 3, 3]
INFO:rl:Best reward at 51 is -1591, action sequence is [3, 0, 2, 0, 1, 2, 0, 2, 3, 0, 3, 2, 2, 1, 3, 2, 0, 2, 0, 2, 0, 3, 0, 2, 1, 2, 0, 0, 2, 3, 1, 1, 0, 0, 3, 3, 2, 2, 0, 2, 0, 2, 1, 1, 3, 1, 0, 3, 1, 1, 0, 1, 2, 1, 0, 0, 2, 1, 2, 1, 0, 0, 0, 2, 3, 0, 1, 3, 2, 2, 1, 2, 3, 1, 2, 3, 3, 1, 0, 0, 3, 3, 3, 0, 0, 2, 0, 1, 1, 0, 0, 3, 1, 2, 1, 3, 1, 1, 0, 2]
INFO:rl:Best reward at 125 is -1562, action sequence is [0, 3, 2, 1, 1, 2, 3, 1, 3, 0, 1, 1, 0, 0, 1, 2, 0, 3, 2, 1, 2, 0, 2, 1, 1, 1, 2, 3, 1, 0, 1, 2, 0, 2, 3, 3, 1, 1, 2, 3, 0, 0, 0, 2, 2, 0, 1, 2, 1, 2, 0, 0, 3, 3, 0, 3, 2, 0, 2, 1, 3, 3, 2, 3, 3, 0, 2, 2, 0, 1, 0, 2, 0, 1, 0, 2, 0, 1, 0, 2, 3, 3, 3, 3, 3, 0, 1, 0, 0, 1, 1, 0, 0, 0, 1, 1, 1, 0, 0, 0]
INFO:rl:Best reward at 205 is -1539, action sequence is [0, 3, 1, 2, 0, 1, 3, 1, 3, 1, 0, 2, 0, 1, 2, 2, 1, 0, 3, 1, 2, 1, 2, 3, 3, 0, 0, 2, 0, 0, 0, 0, 1, 2, 3, 3, 1, 0, 1, 2, 2, 2, 3, 0, 1, 3, 1, 1, 0, 1, 2, 2, 2, 1, 0, 0, 3, 2, 1, 3, 1, 2, 2, 3, 0, 0, 3, 0, 3, 0, 3, 0, 3, 0, 1, 1, 0, 1, 1, 0, 2, 3, 1, 2, 0, 1, 3, 1, 1, 0, 2, 1, 3, 1, 2, 1, 3, 3, 1, 3]
INFO:rl:Best reward at 543 is -1449, action sequence is [3, 0, 0, 0, 2, 0, 2, 3, 3, 2, 3, 3, 0, 3, 1, 1, 1, 3, 2, 0, 0, 1, 3, 0, 2, 3, 0, 1, 1, 2, 0, 2, 3, 0, 0, 3, 0, 2, 2, 2, 1, 1, 0, 3, 2, 0, 0, 2, 3, 3, 1, 0, 3, 1, 2, 2, 2, 0, 0, 2, 1, 1, 1, 1, 3, 0, 3, 1, 0, 0, 1, 2, 0, 3, 2, 0, 2, 3, 1, 2, 3, 1, 2, 3, 1, 1, 1, 2, 1, 2, 3, 3, 1, 2, 0, 2, 2, 0, 2, 0]
INFO:rl:Best reward at 571 is -1338, action sequence is [3, 0, 0, 0, 2, 0, 3, 3, 3, 3, 0, 3, 1, 1, 1, 2, 1, 0, 1, 1, 3, 1, 3, 1, 2, 2, 1, 3, 3, 3, 0, 0, 0, 0, 0, 0, 1, 1, 1, 1, 1, 1, 2, 0, 1, 1, 3, 3, 0, 0, 0, 0, 0, 0, 1, 1, 1, 1, 1, 1, 2, 0, 2, 2, 1, 2, 0, 3, 0, 1, 1, 0, 3, 1, 2, 2, 0, 1, 1, 3, 3, 0, 2, 2, 0, 3, 1, 3, 1, 1, 3, 0, 3, 1, 1, 2, 1, 2, 0, 3]
INFO:rl:Best reward at 1004 is -1301, action sequence is [3, 0, 0, 0, 2, 0, 3, 3, 3, 3, 0, 3, 1, 1, 1, 2, 1, 3, 3, 3, 2, 2, 1, 0, 0, 2, 1, 1, 1, 3, 1, 2, 0, 0, 3, 0, 0, 0, 1, 2, 3, 1, 2, 1, 0, 0, 0, 3, 0, 2, 0, 2, 3, 3, 0, 2, 1, 1, 3, 0, 0, 1, 2, 2, 3, 0, 0, 2, 0, 2, 1, 3, 0, 1, 2, 0, 3, 0, 2, 0, 2, 1, 1, 1, 1, 0, 2, 1, 0, 2, 3, 3, 1, 0, 2, 1, 1, 0, 2, 1]
INFO:rl:Best reward at 1026 is -1081, action sequence is [3, 0, 0, 0, 2, 0, 3, 2, 3, 3, 3, 0, 1, 3, 0, 3, 1, 1, 1, 2, 1, 3, 1, 2, 0, 3, 3, 3, 0, 0, 0, 3, 0, 2, 0, 1, 1, 3, 1, 1, 0, 2, 1, 1, 1, 2, 1, 0, 1, 2, 1, 2, 3, 0, 3, 3, 0, 3, 2, 3, 3, 3, 1, 3, 2, 1, 1, 3, 1, 2, 0, 3, 1, 0, 0, 1, 2, 0, 0, 3, 0, 3, 3, 3, 0, 0, 3, 2, 2, 2, 3, 3, 1, 2, 2, 3, 0, 1, 1, 1]
INFO:rl:Best reward at 1062 is -1048, action sequence is [3, 0, 0, 0, 2, 0, 3, 3, 3, 3, 0, 3, 1, 1, 1, 2, 1, 3, 3, 3, 0, 0, 3, 0, 1, 1, 0, 2, 0, 0, 3, 0, 1, 2, 3, 0, 2, 0, 3, 0, 1, 1, 0, 2, 1, 1, 3, 1, 2, 0, 3, 1, 3, 2, 3, 3, 1, 3, 0, 2, 0, 1, 2, 3, 3, 1, 1, 1, 2, 1, 3, 0, 2, 1, 0, 0, 1, 3, 0, 0, 2, 0, 1, 3, 0, 3, 0, 0, 2, 1, 0, 0, 3, 1, 3, 1, 1, 3, 0, 3]
INFO:rl:Best reward at 1112 is -1046, action sequence is [3, 0, 0, 0, 2, 0, 3, 3, 2, 3, 3, 3, 0, 3, 1, 1, 1, 2, 1, 3, 3, 3, 0, 3, 0, 1, 1, 1, 3, 3, 0, 1, 3, 2, 1, 1, 1, 3, 1, 2, 0, 0, 2, 2, 2, 0, 0, 0, 1, 3, 0, 2, 0, 3, 0, 1, 1, 2, 3, 0, 2, 1, 1, 3, 3, 3, 0, 0, 3, 1, 1, 1, 1, 0, 2, 3, 0, 0, 0, 3, 2, 2, 0, 1, 1, 3, 2, 0, 3, 0, 2, 0, 3, 1, 1, 1, 1, 1, 1, 0]
INFO:rl:Best reward at 1260 is -1042, action sequence is [3, 0, 0, 0, 2, 0, 3, 3, 3, 3, 0, 3, 1, 1, 1, 2, 1, 1, 0, 3, 3, 3, 1, 3, 1, 0, 2, 0, 0, 0, 0, 3, 0, 1, 1, 1, 1, 0, 0, 0, 0, 1, 2, 0, 1, 1, 0, 3, 1, 1, 3, 2, 3, 3, 1, 1, 1, 3, 1, 0, 0, 2, 2, 3, 0, 1, 3, 0, 1, 1, 1, 2, 0, 3, 2, 0, 1, 1, 1, 3, 0, 0, 0, 0, 0, 1, 3, 0, 0, 1, 2, 1, 2, 3, 0, 3, 3, 1, 3, 1]
INFO:rl:Best reward at 1447 is -1042, action sequence is [3, 0, 0, 0, 2, 0, 3, 3, 3, 3, 0, 3, 1, 1, 1, 2, 1, 3, 3, 3, 1, 3, 0, 0, 2, 0, 0, 0, 1, 1, 1, 1, 3, 2, 1, 3, 0, 1, 1, 2, 1, 2, 1, 0, 1, 3, 0, 2, 3, 0, 0, 0, 3, 2, 0, 0, 3, 0, 0, 1, 0, 2, 3, 1, 1, 1, 0, 0, 0, 0, 2, 0, 3, 1, 1, 1, 3, 2, 1, 2, 0, 3, 2, 0, 1, 1, 3, 0, 0, 2, 0, 1, 3, 0, 0, 2, 0, 3, 1, 1]
INFO:rl:Best reward at 1512 is -1002, action sequence is [3, 0, 0, 0, 2, 0, 3, 3, 3, 3, 0, 3, 1, 1, 1, 1, 2, 1, 3, 3, 3, 1, 3, 0, 2, 0, 3, 0, 2, 0, 3, 0, 0, 2, 1, 0, 0, 3, 1, 1, 0, 2, 1, 1, 3, 2, 0, 3, 1, 3, 2, 2, 0, 0, 0, 3, 1, 0, 0, 2, 1, 0, 0, 3, 0, 2, 0, 1, 3, 2, 1, 3, 2, 0, 0, 3, 1, 1, 0, 0, 0, 1, 2, 3, 1, 1, 1, 0, 0, 0, 0, 2, 1, 1, 1, 1, 2, 2, 1, 1]
INFO:rl:Best reward at 1610 is -866, action sequence is [3, 0, 0, 0, 2, 0, 3, 3, 3, 3, 0, 3, 1, 1, 1, 2, 1, 3, 3, 2, 3, 3, 1, 1, 3, 0, 2, 2, 3, 0, 3, 3, 3, 0, 0, 0, 0, 1, 3, 0, 0, 3, 2, 2, 3, 1, 1, 1, 2, 2, 3, 3, 1, 2, 1, 1, 3, 0, 0, 1, 1, 0, 2, 1, 3, 1, 2, 0, 3, 0, 2, 3, 2, 1, 1, 1, 3, 1, 2, 0, 0, 2, 2, 0, 0, 0, 0, 1, 1, 1, 1, 0, 2, 0, 0, 0, 0, 1, 1, 1]
INFO:rl:Best reward at 1671 is -840, action sequence is [3, 0, 0, 0, 2, 0, 3, 3, 3, 3, 0, 3, 1, 1, 1, 2, 1, 3, 3, 3, 1, 1, 3, 0, 2, 0, 3, 3, 3, 0, 3, 0, 0, 3, 0, 3, 0, 3, 2, 1, 0, 0, 3, 1, 3, 1, 1, 0, 0, 0, 1, 1, 3, 1, 1, 1, 3, 0, 3, 1, 1, 3, 1, 3, 0, 0, 3, 1, 1, 0, 3, 0, 3, 0, 1, 1, 3, 1, 1, 0, 0, 3, 0, 3, 0, 1, 1, 1, 1, 3, 1, 3, 0, 3, 0, 3, 0, 3, 1, 1]
INFO:rl:Best reward at 1715 is -783, action sequence is [3, 0, 0, 0, 2, 0, 3, 3, 3, 3, 0, 3, 1, 1, 1, 2, 1, 3, 3, 3, 1, 3, 0, 2, 0, 3, 3, 3, 0, 3, 0, 3, 3, 3, 2, 2, 1, 1, 0, 0, 0, 3, 0, 2, 0, 1, 3, 2, 2, 1, 0, 0, 0, 3, 3, 1, 0, 3, 0, 3, 1, 2, 3, 1, 1, 3, 1, 1, 3, 0, 3, 1, 1, 3, 1, 3, 0, 0, 1, 1, 0, 3, 3, 0, 0, 0, 3, 1, 1, 3, 1, 1, 1, 3, 0, 3, 0, 3, 0, 3]
INFO:rl:Best reward at 1789 is -770, action sequence is [3, 0, 0, 0, 2, 0, 3, 3, 3, 3, 0, 3, 1, 1, 1, 2, 1, 3, 3, 3, 1, 3, 0, 2, 0, 3, 3, 3, 0, 3, 1, 1, 0, 0, 0, 0, 2, 1, 3, 2, 1, 1, 1, 1, 1, 3, 1, 2, 3, 1, 1, 2, 1, 0, 1, 3, 0, 1, 1, 0, 0, 2, 0, 0, 0, 0, 1, 3, 2, 0, 3, 2, 0, 3, 3, 0, 2, 0, 1, 0, 3, 3, 1, 0, 0, 3, 2, 1, 2, 3, 0, 0, 2, 2, 1, 3, 1, 1, 1, 2]
INFO:rl:Best reward at 1863 is -672, action sequence is [3, 0, 0, 0, 2, 0, 3, 3, 3, 3, 0, 3, 1, 1, 1, 2, 1, 3, 3, 3, 2, 2, 0, 1, 3, 3, 1, 3, 0, 2, 0, 3, 3, 3, 1, 3, 0, 0, 2, 3, 1, 2, 1, 1, 3, 0, 1, 2, 0, 3, 2, 0, 2, 3, 3, 0, 2, 1, 0, 0, 3, 3, 2, 3, 0, 3, 0, 1, 0, 0, 1, 1, 0, 0, 0, 1, 1, 1]
INFO:rl:Best reward at 1992 is -420, action sequence is [3, 0, 0, 0, 2, 0, 3, 3, 3, 3, 0, 3, 1, 2, 3, 1, 1, 2, 1, 3, 3, 3, 1, 3, 0, 2, 0, 3, 3, 3, 1, 3, 0, 0, 2, 0, 3, 3, 0, 3, 1, 3, 1, 3, 1]
INFO:rl:Best reward at 2164 is -407, action sequence is [3, 0, 0, 0, 2, 0, 3, 3, 3, 3, 0, 3, 1, 1, 1, 2, 1, 3, 3, 3, 1, 3, 0, 2, 0, 3, 3, 3, 1, 3, 0, 0, 2, 0, 3, 3, 0, 3, 0, 3, 1, 0, 1, 1, 1]
INFO:rl:Best reward at 2186 is -401, action sequence is [3, 0, 0, 0, 2, 0, 3, 3, 3, 3, 0, 3, 1, 1, 1, 2, 1, 3, 3, 3, 1, 3, 0, 2, 0, 3, 3, 3, 1, 3, 0, 0, 2, 0, 3, 3, 2, 0, 3, 3, 1, 1, 1]
INFO:rl:Best reward at 2278 is -393, action sequence is [3, 0, 0, 0, 2, 0, 3, 3, 3, 3, 0, 3, 1, 1, 1, 2, 1, 3, 3, 3, 1, 3, 0, 2, 0, 3, 3, 3, 1, 3, 0, 0, 2, 0, 3, 3, 3, 0, 3, 1, 1, 1]
INFO:rl:Best reward at 2289 is -388, action sequence is [3, 0, 0, 0, 2, 0, 3, 3, 3, 3, 0, 3, 1, 1, 1, 2, 1, 3, 3, 3, 1, 3, 0, 2, 0, 3, 3, 3, 1, 3, 0, 0, 2, 0, 3, 3, 0, 3, 1, 1, 1]
INFO:rl:Best reward at 2295 is -388, action sequence is [3, 0, 0, 0, 2, 0, 3, 3, 3, 3, 0, 3, 1, 1, 1, 2, 1, 3, 3, 3, 1, 3, 0, 2, 0, 3, 3, 3, 1, 3, 0, 0, 2, 0, 3, 3, 0, 3, 1, 1, 1]
INFO:rl:Best reward at 2302 is -388, action sequence is [3, 0, 0, 0, 2, 0, 3, 3, 3, 3, 0, 3, 1, 1, 1, 2, 1, 3, 3, 3, 1, 3, 0, 2, 0, 3, 3, 3, 1, 3, 0, 0, 2, 0, 3, 3, 0, 3, 1, 1, 1]
INFO:rl:Best reward at 2309 is -388, action sequence is [3, 0, 0, 0, 2, 0, 3, 3, 3, 3, 0, 3, 1, 1, 1, 2, 1, 3, 3, 3, 1, 3, 0, 2, 0, 3, 3, 3, 1, 3, 0, 0, 2, 0, 3, 3, 0, 3, 1, 1, 1]
INFO:rl:Best reward at 2324 is -388, action sequence is [3, 0, 0, 0, 2, 0, 3, 3, 3, 3, 0, 3, 1, 1, 1, 2, 1, 3, 3, 3, 1, 3, 0, 2, 0, 3, 3, 3, 1, 3, 0, 0, 2, 0, 3, 3, 0, 3, 1, 1, 1]
INFO:rl:Best reward at 2334 is -388, action sequence is [3, 0, 0, 0, 2, 0, 3, 3, 3, 3, 0, 3, 1, 1, 1, 2, 1, 3, 3, 3, 1, 3, 0, 2, 0, 3, 3, 3, 1, 3, 0, 0, 2, 0, 3, 3, 0, 3, 1, 1, 1]
INFO:rl:Best reward at 2340 is -388, action sequence is [3, 0, 0, 0, 2, 0, 3, 3, 3, 3, 0, 3, 1, 1, 1, 2, 1, 3, 3, 3, 1, 3, 0, 2, 0, 3, 3, 3, 1, 3, 0, 0, 2, 0, 3, 3, 0, 3, 1, 1, 1]
INFO:rl:Best reward at 2341 is -388, action sequence is [3, 0, 0, 0, 2, 0, 3, 3, 3, 3, 0, 3, 1, 1, 1, 2, 1, 3, 3, 3, 1, 3, 0, 2, 0, 3, 3, 3, 1, 3, 0, 0, 2, 0, 3, 3, 0, 3, 1, 1, 1]
INFO:rl:Best reward at 2350 is -388, action sequence is [3, 0, 0, 0, 2, 0, 3, 3, 3, 3, 0, 3, 1, 1, 1, 2, 1, 3, 3, 3, 1, 3, 0, 2, 0, 3, 3, 3, 1, 3, 0, 0, 2, 0, 3, 3, 0, 3, 1, 1, 1]
INFO:rl:Best reward at 2352 is -388, action sequence is [3, 0, 0, 0, 2, 0, 3, 3, 3, 3, 0, 3, 1, 1, 1, 2, 1, 3, 3, 3, 1, 3, 0, 2, 0, 3, 3, 3, 1, 3, 0, 0, 2, 0, 3, 3, 0, 3, 1, 1, 1]
INFO:rl:Best reward at 2355 is -388, action sequence is [3, 0, 0, 0, 2, 0, 3, 3, 3, 3, 0, 3, 1, 1, 1, 2, 1, 3, 3, 3, 1, 3, 0, 2, 0, 3, 3, 3, 1, 3, 0, 0, 2, 0, 3, 3, 0, 3, 1, 1, 1]
INFO:rl:Best reward at 2356 is -388, action sequence is [3, 0, 0, 0, 2, 0, 3, 3, 3, 3, 0, 3, 1, 1, 1, 2, 1, 3, 3, 3, 1, 3, 0, 2, 0, 3, 3, 3, 1, 3, 0, 0, 2, 0, 3, 3, 0, 3, 1, 1, 1]
INFO:rl:Best reward at 2359 is -388, action sequence is [3, 0, 0, 0, 2, 0, 3, 3, 3, 3, 0, 3, 1, 1, 1, 2, 1, 3, 3, 3, 1, 3, 0, 2, 0, 3, 3, 3, 1, 3, 0, 0, 2, 0, 3, 3, 0, 3, 1, 1, 1]
INFO:rl:Best reward at 2360 is -388, action sequence is [3, 0, 0, 0, 2, 0, 3, 3, 3, 3, 0, 3, 1, 1, 1, 2, 1, 3, 3, 3, 1, 3, 0, 2, 0, 3, 3, 3, 1, 3, 0, 0, 2, 0, 3, 3, 0, 3, 1, 1, 1]
INFO:rl:Best reward at 2365 is -388, action sequence is [3, 0, 0, 0, 2, 0, 3, 3, 3, 3, 0, 3, 1, 1, 1, 2, 1, 3, 3, 3, 1, 3, 0, 2, 0, 3, 3, 3, 1, 3, 0, 0, 2, 0, 3, 3, 0, 3, 1, 1, 1]
INFO:rl:Best reward at 2367 is -388, action sequence is [3, 0, 0, 0, 2, 0, 3, 3, 3, 3, 0, 3, 1, 1, 1, 2, 1, 3, 3, 3, 1, 3, 0, 2, 0, 3, 3, 3, 1, 3, 0, 0, 2, 0, 3, 3, 0, 3, 1, 1, 1]
INFO:rl:Best reward at 2368 is -388, action sequence is [3, 0, 0, 0, 2, 0, 3, 3, 3, 3, 0, 3, 1, 1, 1, 2, 1, 3, 3, 3, 1, 3, 0, 2, 0, 3, 3, 3, 1, 3, 0, 0, 2, 0, 3, 3, 0, 3, 1, 1, 1]
INFO:rl:Best reward at 2369 is -388, action sequence is [3, 0, 0, 0, 2, 0, 3, 3, 3, 3, 0, 3, 1, 1, 1, 2, 1, 3, 3, 3, 1, 3, 0, 2, 0, 3, 3, 3, 1, 3, 0, 0, 2, 0, 3, 3, 0, 3, 1, 1, 1]
INFO:rl:Best reward at 2370 is -388, action sequence is [3, 0, 0, 0, 2, 0, 3, 3, 3, 3, 0, 3, 1, 1, 1, 2, 1, 3, 3, 3, 1, 3, 0, 2, 0, 3, 3, 3, 1, 3, 0, 0, 2, 0, 3, 3, 0, 3, 1, 1, 1]
INFO:rl:Best reward at 2371 is -388, action sequence is [3, 0, 0, 0, 2, 0, 3, 3, 3, 3, 0, 3, 1, 1, 1, 2, 1, 3, 3, 3, 1, 3, 0, 2, 0, 3, 3, 3, 1, 3, 0, 0, 2, 0, 3, 3, 0, 3, 1, 1, 1]
INFO:rl:Best reward at 2376 is -388, action sequence is [3, 0, 0, 0, 2, 0, 3, 3, 3, 3, 0, 3, 1, 1, 1, 2, 1, 3, 3, 3, 1, 3, 0, 2, 0, 3, 3, 3, 1, 3, 0, 0, 2, 0, 3, 3, 0, 3, 1, 1, 1]
INFO:rl:Best reward at 2381 is -388, action sequence is [3, 0, 0, 0, 2, 0, 3, 3, 3, 3, 0, 3, 1, 1, 1, 2, 1, 3, 3, 3, 1, 3, 0, 2, 0, 3, 3, 3, 1, 3, 0, 0, 2, 0, 3, 3, 0, 3, 1, 1, 1]
INFO:rl:Best reward at 2382 is -388, action sequence is [3, 0, 0, 0, 2, 0, 3, 3, 3, 3, 0, 3, 1, 1, 1, 2, 1, 3, 3, 3, 1, 3, 0, 2, 0, 3, 3, 3, 1, 3, 0, 0, 2, 0, 3, 3, 0, 3, 1, 1, 1]
INFO:rl:Best reward at 2383 is -388, action sequence is [3, 0, 0, 0, 2, 0, 3, 3, 3, 3, 0, 3, 1, 1, 1, 2, 1, 3, 3, 3, 1, 3, 0, 2, 0, 3, 3, 3, 1, 3, 0, 0, 2, 0, 3, 3, 0, 3, 1, 1, 1]
INFO:rl:Best reward at 2385 is -388, action sequence is [3, 0, 0, 0, 2, 0, 3, 3, 3, 3, 0, 3, 1, 1, 1, 2, 1, 3, 3, 3, 1, 3, 0, 2, 0, 3, 3, 3, 1, 3, 0, 0, 2, 0, 3, 3, 0, 3, 1, 1, 1]
INFO:rl:Best reward at 2386 is -388, action sequence is [3, 0, 0, 0, 2, 0, 3, 3, 3, 3, 0, 3, 1, 1, 1, 2, 1, 3, 3, 3, 1, 3, 0, 2, 0, 3, 3, 3, 1, 3, 0, 0, 2, 0, 3, 3, 0, 3, 1, 1, 1]
INFO:rl:Best reward at 2387 is -388, action sequence is [3, 0, 0, 0, 2, 0, 3, 3, 3, 3, 0, 3, 1, 1, 1, 2, 1, 3, 3, 3, 1, 3, 0, 2, 0, 3, 3, 3, 1, 3, 0, 0, 2, 0, 3, 3, 0, 3, 1, 1, 1]
INFO:rl:Best reward at 2388 is -388, action sequence is [3, 0, 0, 0, 2, 0, 3, 3, 3, 3, 0, 3, 1, 1, 1, 2, 1, 3, 3, 3, 1, 3, 0, 2, 0, 3, 3, 3, 1, 3, 0, 0, 2, 0, 3, 3, 0, 3, 1, 1, 1]
INFO:rl:Best reward at 2391 is -388, action sequence is [3, 0, 0, 0, 2, 0, 3, 3, 3, 3, 0, 3, 1, 1, 1, 2, 1, 3, 3, 3, 1, 3, 0, 2, 0, 3, 3, 3, 1, 3, 0, 0, 2, 0, 3, 3, 0, 3, 1, 1, 1]
INFO:rl:Best reward at 2392 is -388, action sequence is [3, 0, 0, 0, 2, 0, 3, 3, 3, 3, 0, 3, 1, 1, 1, 2, 1, 3, 3, 3, 1, 3, 0, 2, 0, 3, 3, 3, 1, 3, 0, 0, 2, 0, 3, 3, 0, 3, 1, 1, 1]
INFO:rl:Best reward at 2393 is -388, action sequence is [3, 0, 0, 0, 2, 0, 3, 3, 3, 3, 0, 3, 1, 1, 1, 2, 1, 3, 3, 3, 1, 3, 0, 2, 0, 3, 3, 3, 1, 3, 0, 0, 2, 0, 3, 3, 0, 3, 1, 1, 1]
INFO:rl:Best reward at 2394 is -388, action sequence is [3, 0, 0, 0, 2, 0, 3, 3, 3, 3, 0, 3, 1, 1, 1, 2, 1, 3, 3, 3, 1, 3, 0, 2, 0, 3, 3, 3, 1, 3, 0, 0, 2, 0, 3, 3, 0, 3, 1, 1, 1]
INFO:rl:Best reward at 2397 is -388, action sequence is [3, 0, 0, 0, 2, 0, 3, 3, 3, 3, 0, 3, 1, 1, 1, 2, 1, 3, 3, 3, 1, 3, 0, 2, 0, 3, 3, 3, 1, 3, 0, 0, 2, 0, 3, 3, 0, 3, 1, 1, 1]
INFO:rl:Best reward at 2398 is -388, action sequence is [3, 0, 0, 0, 2, 0, 3, 3, 3, 3, 0, 3, 1, 1, 1, 2, 1, 3, 3, 3, 1, 3, 0, 2, 0, 3, 3, 3, 1, 3, 0, 0, 2, 0, 3, 3, 0, 3, 1, 1, 1]
INFO:rl:Best reward at 2402 is -388, action sequence is [3, 0, 0, 0, 2, 0, 3, 3, 3, 3, 0, 3, 1, 1, 1, 2, 1, 3, 3, 3, 1, 3, 0, 2, 0, 3, 3, 3, 1, 3, 0, 0, 2, 0, 3, 3, 0, 3, 1, 1, 1]
INFO:rl:Best reward at 2403 is -388, action sequence is [3, 0, 0, 0, 2, 0, 3, 3, 3, 3, 0, 3, 1, 1, 1, 2, 1, 3, 3, 3, 1, 3, 0, 2, 0, 3, 3, 3, 1, 3, 0, 0, 2, 0, 3, 3, 0, 3, 1, 1, 1]
INFO:rl:Best reward at 2407 is -388, action sequence is [3, 0, 0, 0, 2, 0, 3, 3, 3, 3, 0, 3, 1, 1, 1, 2, 1, 3, 3, 3, 1, 3, 0, 2, 0, 3, 3, 3, 1, 3, 0, 0, 2, 0, 3, 3, 0, 3, 1, 1, 1]
INFO:rl:Best reward at 2408 is -388, action sequence is [3, 0, 0, 0, 2, 0, 3, 3, 3, 3, 0, 3, 1, 1, 1, 2, 1, 3, 3, 3, 1, 3, 0, 2, 0, 3, 3, 3, 1, 3, 0, 0, 2, 0, 3, 3, 0, 3, 1, 1, 1]
INFO:rl:Best reward at 2409 is -388, action sequence is [3, 0, 0, 0, 2, 0, 3, 3, 3, 3, 0, 3, 1, 1, 1, 2, 1, 3, 3, 3, 1, 3, 0, 2, 0, 3, 3, 3, 1, 3, 0, 0, 2, 0, 3, 3, 0, 3, 1, 1, 1]
INFO:rl:Best reward at 2410 is -388, action sequence is [3, 0, 0, 0, 2, 0, 3, 3, 3, 3, 0, 3, 1, 1, 1, 2, 1, 3, 3, 3, 1, 3, 0, 2, 0, 3, 3, 3, 1, 3, 0, 0, 2, 0, 3, 3, 0, 3, 1, 1, 1]
INFO:rl:Best reward at 2413 is -388, action sequence is [3, 0, 0, 0, 2, 0, 3, 3, 3, 3, 0, 3, 1, 1, 1, 2, 1, 3, 3, 3, 1, 3, 0, 2, 0, 3, 3, 3, 1, 3, 0, 0, 2, 0, 3, 3, 0, 3, 1, 1, 1]
INFO:rl:Best reward at 2414 is -388, action sequence is [3, 0, 0, 0, 2, 0, 3, 3, 3, 3, 0, 3, 1, 1, 1, 2, 1, 3, 3, 3, 1, 3, 0, 2, 0, 3, 3, 3, 1, 3, 0, 0, 2, 0, 3, 3, 0, 3, 1, 1, 1]
INFO:rl:Best reward at 2415 is -388, action sequence is [3, 0, 0, 0, 2, 0, 3, 3, 3, 3, 0, 3, 1, 1, 1, 2, 1, 3, 3, 3, 1, 3, 0, 2, 0, 3, 3, 3, 1, 3, 0, 0, 2, 0, 3, 3, 0, 3, 1, 1, 1]
INFO:rl:Best reward at 2416 is -388, action sequence is [3, 0, 0, 0, 2, 0, 3, 3, 3, 3, 0, 3, 1, 1, 1, 2, 1, 3, 3, 3, 1, 3, 0, 2, 0, 3, 3, 3, 1, 3, 0, 0, 2, 0, 3, 3, 0, 3, 1, 1, 1]
INFO:rl:Best reward at 2417 is -388, action sequence is [3, 0, 0, 0, 2, 0, 3, 3, 3, 3, 0, 3, 1, 1, 1, 2, 1, 3, 3, 3, 1, 3, 0, 2, 0, 3, 3, 3, 1, 3, 0, 0, 2, 0, 3, 3, 0, 3, 1, 1, 1]
INFO:rl:Best reward at 2419 is -388, action sequence is [3, 0, 0, 0, 2, 0, 3, 3, 3, 3, 0, 3, 1, 1, 1, 2, 1, 3, 3, 3, 1, 3, 0, 2, 0, 3, 3, 3, 1, 3, 0, 0, 2, 0, 3, 3, 0, 3, 1, 1, 1]
INFO:rl:Best reward at 2420 is -388, action sequence is [3, 0, 0, 0, 2, 0, 3, 3, 3, 3, 0, 3, 1, 1, 1, 2, 1, 3, 3, 3, 1, 3, 0, 2, 0, 3, 3, 3, 1, 3, 0, 0, 2, 0, 3, 3, 0, 3, 1, 1, 1]
INFO:rl:Best reward at 2421 is -388, action sequence is [3, 0, 0, 0, 2, 0, 3, 3, 3, 3, 0, 3, 1, 1, 1, 2, 1, 3, 3, 3, 1, 3, 0, 2, 0, 3, 3, 3, 1, 3, 0, 0, 2, 0, 3, 3, 0, 3, 1, 1, 1]
INFO:rl:Best reward at 2422 is -388, action sequence is [3, 0, 0, 0, 2, 0, 3, 3, 3, 3, 0, 3, 1, 1, 1, 2, 1, 3, 3, 3, 1, 3, 0, 2, 0, 3, 3, 3, 1, 3, 0, 0, 2, 0, 3, 3, 0, 3, 1, 1, 1]
INFO:rl:Best reward at 2423 is -388, action sequence is [3, 0, 0, 0, 2, 0, 3, 3, 3, 3, 0, 3, 1, 1, 1, 2, 1, 3, 3, 3, 1, 3, 0, 2, 0, 3, 3, 3, 1, 3, 0, 0, 2, 0, 3, 3, 0, 3, 1, 1, 1]
INFO:rl:Best reward at 2424 is -388, action sequence is [3, 0, 0, 0, 2, 0, 3, 3, 3, 3, 0, 3, 1, 1, 1, 2, 1, 3, 3, 3, 1, 3, 0, 2, 0, 3, 3, 3, 1, 3, 0, 0, 2, 0, 3, 3, 0, 3, 1, 1, 1]
INFO:rl:Best reward at 2425 is -388, action sequence is [3, 0, 0, 0, 2, 0, 3, 3, 3, 3, 0, 3, 1, 1, 1, 2, 1, 3, 3, 3, 1, 3, 0, 2, 0, 3, 3, 3, 1, 3, 0, 0, 2, 0, 3, 3, 0, 3, 1, 1, 1]
INFO:rl:Best reward at 2426 is -388, action sequence is [3, 0, 0, 0, 2, 0, 3, 3, 3, 3, 0, 3, 1, 1, 1, 2, 1, 3, 3, 3, 1, 3, 0, 2, 0, 3, 3, 3, 1, 3, 0, 0, 2, 0, 3, 3, 0, 3, 1, 1, 1]
INFO:rl:Best reward at 2427 is -388, action sequence is [3, 0, 0, 0, 2, 0, 3, 3, 3, 3, 0, 3, 1, 1, 1, 2, 1, 3, 3, 3, 1, 3, 0, 2, 0, 3, 3, 3, 1, 3, 0, 0, 2, 0, 3, 3, 0, 3, 1, 1, 1]
INFO:rl:Best reward at 2428 is -388, action sequence is [3, 0, 0, 0, 2, 0, 3, 3, 3, 3, 0, 3, 1, 1, 1, 2, 1, 3, 3, 3, 1, 3, 0, 2, 0, 3, 3, 3, 1, 3, 0, 0, 2, 0, 3, 3, 0, 3, 1, 1, 1]
INFO:rl:Best reward at 2429 is -388, action sequence is [3, 0, 0, 0, 2, 0, 3, 3, 3, 3, 0, 3, 1, 1, 1, 2, 1, 3, 3, 3, 1, 3, 0, 2, 0, 3, 3, 3, 1, 3, 0, 0, 2, 0, 3, 3, 0, 3, 1, 1, 1]
INFO:rl:Best reward at 2431 is -388, action sequence is [3, 0, 0, 0, 2, 0, 3, 3, 3, 3, 0, 3, 1, 1, 1, 2, 1, 3, 3, 3, 1, 3, 0, 2, 0, 3, 3, 3, 1, 3, 0, 0, 2, 0, 3, 3, 0, 3, 1, 1, 1]
INFO:rl:Best reward at 2432 is -388, action sequence is [3, 0, 0, 0, 2, 0, 3, 3, 3, 3, 0, 3, 1, 1, 1, 2, 1, 3, 3, 3, 1, 3, 0, 2, 0, 3, 3, 3, 1, 3, 0, 0, 2, 0, 3, 3, 0, 3, 1, 1, 1]
INFO:rl:Best reward at 2434 is -388, action sequence is [3, 0, 0, 0, 2, 0, 3, 3, 3, 3, 0, 3, 1, 1, 1, 2, 1, 3, 3, 3, 1, 3, 0, 2, 0, 3, 3, 3, 1, 3, 0, 0, 2, 0, 3, 3, 0, 3, 1, 1, 1]
INFO:rl:Best reward at 2435 is -388, action sequence is [3, 0, 0, 0, 2, 0, 3, 3, 3, 3, 0, 3, 1, 1, 1, 2, 1, 3, 3, 3, 1, 3, 0, 2, 0, 3, 3, 3, 1, 3, 0, 0, 2, 0, 3, 3, 0, 3, 1, 1, 1]
INFO:rl:Best reward at 2436 is -388, action sequence is [3, 0, 0, 0, 2, 0, 3, 3, 3, 3, 0, 3, 1, 1, 1, 2, 1, 3, 3, 3, 1, 3, 0, 2, 0, 3, 3, 3, 1, 3, 0, 0, 2, 0, 3, 3, 0, 3, 1, 1, 1]
INFO:rl:Best reward at 2439 is -388, action sequence is [3, 0, 0, 0, 2, 0, 3, 3, 3, 3, 0, 3, 1, 1, 1, 2, 1, 3, 3, 3, 1, 3, 0, 2, 0, 3, 3, 3, 1, 3, 0, 0, 2, 0, 3, 3, 0, 3, 1, 1, 1]
INFO:rl:Best reward at 2440 is -388, action sequence is [3, 0, 0, 0, 2, 0, 3, 3, 3, 3, 0, 3, 1, 1, 1, 2, 1, 3, 3, 3, 1, 3, 0, 2, 0, 3, 3, 3, 1, 3, 0, 0, 2, 0, 3, 3, 0, 3, 1, 1, 1]
INFO:rl:Best reward at 2441 is -388, action sequence is [3, 0, 0, 0, 2, 0, 3, 3, 3, 3, 0, 3, 1, 1, 1, 2, 1, 3, 3, 3, 1, 3, 0, 2, 0, 3, 3, 3, 1, 3, 0, 0, 2, 0, 3, 3, 0, 3, 1, 1, 1]
INFO:rl:Best reward at 2442 is -388, action sequence is [3, 0, 0, 0, 2, 0, 3, 3, 3, 3, 0, 3, 1, 1, 1, 2, 1, 3, 3, 3, 1, 3, 0, 2, 0, 3, 3, 3, 1, 3, 0, 0, 2, 0, 3, 3, 0, 3, 1, 1, 1]
INFO:rl:Best reward at 2443 is -388, action sequence is [3, 0, 0, 0, 2, 0, 3, 3, 3, 3, 0, 3, 1, 1, 1, 2, 1, 3, 3, 3, 1, 3, 0, 2, 0, 3, 3, 3, 1, 3, 0, 0, 2, 0, 3, 3, 0, 3, 1, 1, 1]
INFO:rl:Best reward at 2445 is -388, action sequence is [3, 0, 0, 0, 2, 0, 3, 3, 3, 3, 0, 3, 1, 1, 1, 2, 1, 3, 3, 3, 1, 3, 0, 2, 0, 3, 3, 3, 1, 3, 0, 0, 2, 0, 3, 3, 0, 3, 1, 1, 1]
INFO:rl:Best reward at 2446 is -388, action sequence is [3, 0, 0, 0, 2, 0, 3, 3, 3, 3, 0, 3, 1, 1, 1, 2, 1, 3, 3, 3, 1, 3, 0, 2, 0, 3, 3, 3, 1, 3, 0, 0, 2, 0, 3, 3, 0, 3, 1, 1, 1]
INFO:rl:Best reward at 2447 is -388, action sequence is [3, 0, 0, 0, 2, 0, 3, 3, 3, 3, 0, 3, 1, 1, 1, 2, 1, 3, 3, 3, 1, 3, 0, 2, 0, 3, 3, 3, 1, 3, 0, 0, 2, 0, 3, 3, 0, 3, 1, 1, 1]
INFO:rl:Best reward at 2448 is -388, action sequence is [3, 0, 0, 0, 2, 0, 3, 3, 3, 3, 0, 3, 1, 1, 1, 2, 1, 3, 3, 3, 1, 3, 0, 2, 0, 3, 3, 3, 1, 3, 0, 0, 2, 0, 3, 3, 0, 3, 1, 1, 1]
INFO:rl:Best reward at 2450 is -388, action sequence is [3, 0, 0, 0, 2, 0, 3, 3, 3, 3, 0, 3, 1, 1, 1, 2, 1, 3, 3, 3, 1, 3, 0, 2, 0, 3, 3, 3, 1, 3, 0, 0, 2, 0, 3, 3, 0, 3, 1, 1, 1]
INFO:rl:Best reward at 2451 is -388, action sequence is [3, 0, 0, 0, 2, 0, 3, 3, 3, 3, 0, 3, 1, 1, 1, 2, 1, 3, 3, 3, 1, 3, 0, 2, 0, 3, 3, 3, 1, 3, 0, 0, 2, 0, 3, 3, 0, 3, 1, 1, 1]
INFO:rl:Best reward at 2452 is -388, action sequence is [3, 0, 0, 0, 2, 0, 3, 3, 3, 3, 0, 3, 1, 1, 1, 2, 1, 3, 3, 3, 1, 3, 0, 2, 0, 3, 3, 3, 1, 3, 0, 0, 2, 0, 3, 3, 0, 3, 1, 1, 1]
INFO:rl:Best reward at 2453 is -388, action sequence is [3, 0, 0, 0, 2, 0, 3, 3, 3, 3, 0, 3, 1, 1, 1, 2, 1, 3, 3, 3, 1, 3, 0, 2, 0, 3, 3, 3, 1, 3, 0, 0, 2, 0, 3, 3, 0, 3, 1, 1, 1]
INFO:rl:Best reward at 2454 is -388, action sequence is [3, 0, 0, 0, 2, 0, 3, 3, 3, 3, 0, 3, 1, 1, 1, 2, 1, 3, 3, 3, 1, 3, 0, 2, 0, 3, 3, 3, 1, 3, 0, 0, 2, 0, 3, 3, 0, 3, 1, 1, 1]
INFO:rl:Best reward at 2455 is -388, action sequence is [3, 0, 0, 0, 2, 0, 3, 3, 3, 3, 0, 3, 1, 1, 1, 2, 1, 3, 3, 3, 1, 3, 0, 2, 0, 3, 3, 3, 1, 3, 0, 0, 2, 0, 3, 3, 0, 3, 1, 1, 1]
INFO:rl:Best reward at 2456 is -388, action sequence is [3, 0, 0, 0, 2, 0, 3, 3, 3, 3, 0, 3, 1, 1, 1, 2, 1, 3, 3, 3, 1, 3, 0, 2, 0, 3, 3, 3, 1, 3, 0, 0, 2, 0, 3, 3, 0, 3, 1, 1, 1]
INFO:rl:Best reward at 2457 is -388, action sequence is [3, 0, 0, 0, 2, 0, 3, 3, 3, 3, 0, 3, 1, 1, 1, 2, 1, 3, 3, 3, 1, 3, 0, 2, 0, 3, 3, 3, 1, 3, 0, 0, 2, 0, 3, 3, 0, 3, 1, 1, 1]
INFO:rl:Best reward at 2459 is -388, action sequence is [3, 0, 0, 0, 2, 0, 3, 3, 3, 3, 0, 3, 1, 1, 1, 2, 1, 3, 3, 3, 1, 3, 0, 2, 0, 3, 3, 3, 1, 3, 0, 0, 2, 0, 3, 3, 0, 3, 1, 1, 1]
INFO:rl:Best reward at 2462 is -388, action sequence is [3, 0, 0, 0, 2, 0, 3, 3, 3, 3, 0, 3, 1, 1, 1, 2, 1, 3, 3, 3, 1, 3, 0, 2, 0, 3, 3, 3, 1, 3, 0, 0, 2, 0, 3, 3, 0, 3, 1, 1, 1]
INFO:rl:Best reward at 2463 is -388, action sequence is [3, 0, 0, 0, 2, 0, 3, 3, 3, 3, 0, 3, 1, 1, 1, 2, 1, 3, 3, 3, 1, 3, 0, 2, 0, 3, 3, 3, 1, 3, 0, 0, 2, 0, 3, 3, 0, 3, 1, 1, 1]
INFO:rl:Best reward at 2464 is -388, action sequence is [3, 0, 0, 0, 2, 0, 3, 3, 3, 3, 0, 3, 1, 1, 1, 2, 1, 3, 3, 3, 1, 3, 0, 2, 0, 3, 3, 3, 1, 3, 0, 0, 2, 0, 3, 3, 0, 3, 1, 1, 1]
INFO:rl:Best reward at 2465 is -388, action sequence is [3, 0, 0, 0, 2, 0, 3, 3, 3, 3, 0, 3, 1, 1, 1, 2, 1, 3, 3, 3, 1, 3, 0, 2, 0, 3, 3, 3, 1, 3, 0, 0, 2, 0, 3, 3, 0, 3, 1, 1, 1]
INFO:rl:Best reward at 2467 is -388, action sequence is [3, 0, 0, 0, 2, 0, 3, 3, 3, 3, 0, 3, 1, 1, 1, 2, 1, 3, 3, 3, 1, 3, 0, 2, 0, 3, 3, 3, 1, 3, 0, 0, 2, 0, 3, 3, 0, 3, 1, 1, 1]
INFO:rl:Best reward at 2470 is -388, action sequence is [3, 0, 0, 0, 2, 0, 3, 3, 3, 3, 0, 3, 1, 1, 1, 2, 1, 3, 3, 3, 1, 3, 0, 2, 0, 3, 3, 3, 1, 3, 0, 0, 2, 0, 3, 3, 0, 3, 1, 1, 1]
INFO:rl:Best reward at 2471 is -388, action sequence is [3, 0, 0, 0, 2, 0, 3, 3, 3, 3, 0, 3, 1, 1, 1, 2, 1, 3, 3, 3, 1, 3, 0, 2, 0, 3, 3, 3, 1, 3, 0, 0, 2, 0, 3, 3, 0, 3, 1, 1, 1]
INFO:rl:Best reward at 2473 is -388, action sequence is [3, 0, 0, 0, 2, 0, 3, 3, 3, 3, 0, 3, 1, 1, 1, 2, 1, 3, 3, 3, 1, 3, 0, 2, 0, 3, 3, 3, 1, 3, 0, 0, 2, 0, 3, 3, 0, 3, 1, 1, 1]
INFO:rl:Best reward at 2475 is -388, action sequence is [3, 0, 0, 0, 2, 0, 3, 3, 3, 3, 0, 3, 1, 1, 1, 2, 1, 3, 3, 3, 1, 3, 0, 2, 0, 3, 3, 3, 1, 3, 0, 0, 2, 0, 3, 3, 0, 3, 1, 1, 1]
INFO:rl:Best reward at 2476 is -388, action sequence is [3, 0, 0, 0, 2, 0, 3, 3, 3, 3, 0, 3, 1, 1, 1, 2, 1, 3, 3, 3, 1, 3, 0, 2, 0, 3, 3, 3, 1, 3, 0, 0, 2, 0, 3, 3, 0, 3, 1, 1, 1]
INFO:rl:Best reward at 2477 is -388, action sequence is [3, 0, 0, 0, 2, 0, 3, 3, 3, 3, 0, 3, 1, 1, 1, 2, 1, 3, 3, 3, 1, 3, 0, 2, 0, 3, 3, 3, 1, 3, 0, 0, 2, 0, 3, 3, 0, 3, 1, 1, 1]
INFO:rl:Best reward at 2479 is -388, action sequence is [3, 0, 0, 0, 2, 0, 3, 3, 3, 3, 0, 3, 1, 1, 1, 2, 1, 3, 3, 3, 1, 3, 0, 2, 0, 3, 3, 3, 1, 3, 0, 0, 2, 0, 3, 3, 0, 3, 1, 1, 1]
INFO:rl:Best reward at 2481 is -388, action sequence is [3, 0, 0, 0, 2, 0, 3, 3, 3, 3, 0, 3, 1, 1, 1, 2, 1, 3, 3, 3, 1, 3, 0, 2, 0, 3, 3, 3, 1, 3, 0, 0, 2, 0, 3, 3, 0, 3, 1, 1, 1]
INFO:rl:Best reward at 2482 is -388, action sequence is [3, 0, 0, 0, 2, 0, 3, 3, 3, 3, 0, 3, 1, 1, 1, 2, 1, 3, 3, 3, 1, 3, 0, 2, 0, 3, 3, 3, 1, 3, 0, 0, 2, 0, 3, 3, 0, 3, 1, 1, 1]
INFO:rl:Best reward at 2483 is -388, action sequence is [3, 0, 0, 0, 2, 0, 3, 3, 3, 3, 0, 3, 1, 1, 1, 2, 1, 3, 3, 3, 1, 3, 0, 2, 0, 3, 3, 3, 1, 3, 0, 0, 2, 0, 3, 3, 0, 3, 1, 1, 1]
INFO:rl:Best reward at 2484 is -388, action sequence is [3, 0, 0, 0, 2, 0, 3, 3, 3, 3, 0, 3, 1, 1, 1, 2, 1, 3, 3, 3, 1, 3, 0, 2, 0, 3, 3, 3, 1, 3, 0, 0, 2, 0, 3, 3, 0, 3, 1, 1, 1]
INFO:rl:Best reward at 2486 is -388, action sequence is [3, 0, 0, 0, 2, 0, 3, 3, 3, 3, 0, 3, 1, 1, 1, 2, 1, 3, 3, 3, 1, 3, 0, 2, 0, 3, 3, 3, 1, 3, 0, 0, 2, 0, 3, 3, 0, 3, 1, 1, 1]
INFO:rl:Best reward at 2487 is -388, action sequence is [3, 0, 0, 0, 2, 0, 3, 3, 3, 3, 0, 3, 1, 1, 1, 2, 1, 3, 3, 3, 1, 3, 0, 2, 0, 3, 3, 3, 1, 3, 0, 0, 2, 0, 3, 3, 0, 3, 1, 1, 1]
INFO:rl:Best reward at 2488 is -388, action sequence is [3, 0, 0, 0, 2, 0, 3, 3, 3, 3, 0, 3, 1, 1, 1, 2, 1, 3, 3, 3, 1, 3, 0, 2, 0, 3, 3, 3, 1, 3, 0, 0, 2, 0, 3, 3, 0, 3, 1, 1, 1]
INFO:rl:Best reward at 2489 is -388, action sequence is [3, 0, 0, 0, 2, 0, 3, 3, 3, 3, 0, 3, 1, 1, 1, 2, 1, 3, 3, 3, 1, 3, 0, 2, 0, 3, 3, 3, 1, 3, 0, 0, 2, 0, 3, 3, 0, 3, 1, 1, 1]
INFO:rl:Best reward at 2490 is -388, action sequence is [3, 0, 0, 0, 2, 0, 3, 3, 3, 3, 0, 3, 1, 1, 1, 2, 1, 3, 3, 3, 1, 3, 0, 2, 0, 3, 3, 3, 1, 3, 0, 0, 2, 0, 3, 3, 0, 3, 1, 1, 1]
INFO:rl:Best reward at 2492 is -388, action sequence is [3, 0, 0, 0, 2, 0, 3, 3, 3, 3, 0, 3, 1, 1, 1, 2, 1, 3, 3, 3, 1, 3, 0, 2, 0, 3, 3, 3, 1, 3, 0, 0, 2, 0, 3, 3, 0, 3, 1, 1, 1]
INFO:rl:Best reward at 2493 is -388, action sequence is [3, 0, 0, 0, 2, 0, 3, 3, 3, 3, 0, 3, 1, 1, 1, 2, 1, 3, 3, 3, 1, 3, 0, 2, 0, 3, 3, 3, 1, 3, 0, 0, 2, 0, 3, 3, 0, 3, 1, 1, 1]
INFO:rl:Best reward at 2495 is -388, action sequence is [3, 0, 0, 0, 2, 0, 3, 3, 3, 3, 0, 3, 1, 1, 1, 2, 1, 3, 3, 3, 1, 3, 0, 2, 0, 3, 3, 3, 1, 3, 0, 0, 2, 0, 3, 3, 0, 3, 1, 1, 1]
INFO:rl:Best reward at 2498 is -388, action sequence is [3, 0, 0, 0, 2, 0, 3, 3, 3, 3, 0, 3, 1, 1, 1, 2, 1, 3, 3, 3, 1, 3, 0, 2, 0, 3, 3, 3, 1, 3, 0, 0, 2, 0, 3, 3, 0, 3, 1, 1, 1]
INFO:rl:Best reward at 2499 is -388, action sequence is [3, 0, 0, 0, 2, 0, 3, 3, 3, 3, 0, 3, 1, 1, 1, 2, 1, 3, 3, 3, 1, 3, 0, 2, 0, 3, 3, 3, 1, 3, 0, 0, 2, 0, 3, 3, 0, 3, 1, 1, 1]
INFO:rl:end training at time Sat Oct  1 02:19:10 2022
INFO:rl:training completed, best reward is -388, overall time used is 16.126312494277954 seconds.
