INFO:rl:
-------New log started-------

INFO:rl:start training at time Sat Oct  1 02:19:22 2022
INFO:rl:Best reward at 0 is -10300, action sequence is [0, 0, 0, 0, 0, 0, 1, 1, 1, 1, 1, 1, 2, 3, 0, 0, 0, 0, 1, 0, 2, 0, 0, 0, 1, 1, 1, 0, 2, 3, 3, 0, 0, 0, 1, 1, 1, 0, 2, 0, 1, 1, 0, 2, 1, 0, 2, 3, 3, 1, 0, 2, 0, 2, 0, 2, 3, 0, 0, 1, 1, 0, 2, 0, 0, 1, 1, 0, 2, 3, 3, 0, 0, 1, 1, 0, 2, 0, 0, 1, 1, 0, 2, 0, 0, 1, 1, 0, 2, 3, 3, 3, 0, 0, 1, 1]
INFO:rl:Best reward at 1 is -10113, action sequence is [0, 2, 3, 0, 0, 0, 0, 0, 1, 1, 1, 1, 1, 0, 2, 0, 0, 0, 0, 0, 1, 1, 1, 1, 1, 0, 2, 3, 3]
INFO:rl:Best reward at 3 is -10056, action sequence is [1, 2, 3, 3, 0, 0, 0, 0, 3, 0, 0, 1, 1]
INFO:rl:Best reward at 5 is -10019, action sequence is [0, 0, 1, 1, 3, 3, 3]
INFO:rl:Best reward at 6 is -10019, action sequence is [0, 2, 3, 2, 3, 0, 3, 3]
INFO:rl:Best reward at 8 is -10012, action sequence is [3, 3, 0, 2, 3]
INFO:rl:Best reward at 16 is -391, action sequence is [3, 3, 0, 1, 1, 0, 2, 2, 1, 1, 0, 0, 1, 2, 0, 0, 1, 2, 3, 0, 2, 1, 1, 3, 1, 1, 0, 0, 2, 0, 0, 1, 3, 0, 2, 0, 2, 2, 3, 3, 2, 1, 2, 1, 2, 0, 3, 3, 1, 0, 0, 3, 2, 1, 3, 2, 2, 1, 2, 3, 0, 0, 0, 2, 1, 2, 0, 3, 3, 0, 2, 1, 0, 0, 2, 0, 2, 1, 1, 1, 0, 2, 0, 3, 2, 2, 1, 1, 1, 3, 1, 3, 0, 1, 0, 2, 1, 0, 2, 1]
INFO:rl:Best reward at 38 is -385, action sequence is [3, 1, 0, 3, 1, 1, 2, 2, 1, 2, 0, 0, 2, 0, 3, 0, 0, 2, 2, 3, 3, 2, 1, 2, 3, 3, 1, 2, 2, 2, 3, 3, 1, 1, 0, 2, 0, 0, 2, 1, 0, 0, 0, 2, 1, 2, 0, 3, 3, 3, 2, 1, 0, 0, 2, 1, 2, 3, 3, 3, 2, 1, 2, 1, 2, 1, 3, 0, 0, 3, 1, 1, 0, 0, 1, 2, 3, 0, 0, 2, 2, 2, 3, 3, 3, 2, 1, 2, 3, 3, 2, 0, 0, 2, 1, 0, 3, 3, 3, 0]
INFO:rl:Best reward at 47 is -350, action sequence is [3, 0, 0, 3, 0, 1, 0, 2, 0, 3, 2, 0, 2, 1, 2, 1, 2, 3, 0, 0, 2, 2, 3, 3, 2, 1, 2, 3, 1, 1, 0, 2, 2, 0, 2, 0, 1, 1, 1, 2, 1, 0, 0, 3, 0, 3, 0, 3, 2, 1, 3, 2, 2, 3, 0, 0, 3, 3, 0, 1, 0, 2, 1, 3, 1, 0, 2, 2, 3, 0, 2, 1, 1, 0, 1, 0, 0, 2, 2, 2, 3, 3, 3, 2, 1, 2, 3, 3, 2, 0, 0, 2, 1, 0, 3, 3, 3, 0, 1, 0]
INFO:rl:Best reward at 67 is -312, action sequence is [2, 0, 0, 0, 2, 0, 1, 3, 0, 0, 2, 0, 2, 1, 2, 0, 3, 0, 3, 1, 3, 2, 2, 1, 1, 1, 3, 2, 0, 2, 1, 3, 1, 3, 0, 1, 1, 0, 1, 2, 1, 0, 2, 1, 2, 3, 1, 2, 0, 0, 0, 2, 0, 1, 3, 3, 0, 2, 0, 0, 2, 1, 2, 2, 0, 0, 2, 1, 1, 0, 3, 1, 1, 2, 2, 1, 2, 3, 0, 1, 1, 1, 3, 1, 0, 0, 2, 0, 2, 2, 0, 3, 3, 2, 2, 1, 3, 0, 0, 2]
INFO:rl:Best reward at 301 is -299, action sequence is [0, 3, 0, 3, 0, 1, 1, 2, 0, 1, 1, 2, 0, 2, 3, 3, 0, 0, 1, 2, 2, 3, 3, 1, 1, 2, 2, 0, 2, 1, 1, 3, 1, 0, 1, 2, 1, 2, 0, 1, 3, 3, 1, 0, 0, 0, 0, 2, 3, 2, 0, 3, 3, 0, 3, 3, 0, 1, 2, 3, 2, 0, 3, 1, 1, 0, 0, 0, 2, 2, 0, 3, 1, 1, 0, 3, 2, 0, 0, 1, 1, 3, 2, 1, 3, 1, 0, 0, 1, 0, 0, 1, 2, 0, 2, 2, 2, 0, 2, 0]
INFO:rl:Best reward at 892 is -293, action sequence is [3, 1, 0, 0, 0, 2, 0, 3, 3, 3, 3, 0, 1, 0, 3, 1, 1, 1, 2, 1, 3, 3, 1, 3, 2, 3, 0, 0, 0, 3, 0, 0, 2, 0, 1, 0, 0, 3, 2, 1, 0, 0, 3, 0, 2, 1, 3, 2, 1, 0, 0, 1, 3, 2, 0, 0, 3, 1, 0, 2, 0, 1, 1, 0, 0, 3, 0, 1, 1, 1, 0, 0, 2, 3, 0, 2, 0, 3, 0, 1, 1, 2, 3, 2, 0, 1, 3, 1, 3, 2, 0, 0, 2, 0, 1, 3, 1, 2, 1, 1]
INFO:rl:Best reward at 1346 is -293, action sequence is [3, 1, 0, 2, 0, 2, 3, 2, 0, 3, 1, 0, 2, 2, 1, 2, 1, 0, 3, 1, 3, 0, 0, 0, 2, 3, 2, 0, 3, 3, 3, 0, 3, 1, 1, 1, 2, 1, 3, 3, 3, 1, 2, 1, 3, 3, 0, 0, 0, 0, 1, 0, 2, 1, 1, 1, 0, 0, 0, 0, 0, 1, 1, 0, 0, 3, 0, 0, 2, 0, 3, 0, 1, 1, 0, 2, 3, 0, 0, 1, 1, 2, 0, 3, 0, 2, 0, 3, 0, 2, 1, 0, 0, 1, 1, 1, 3, 0, 0, 2]
INFO:rl:Best reward at 1406 is -284, action sequence is [3, 0, 0, 0, 2, 0, 3, 3, 3, 3, 0, 3, 0, 1, 1, 1, 1, 2, 1, 3, 3, 3, 1, 3, 2, 3, 0, 0, 0, 2, 3, 1, 1, 1, 0, 2, 3, 1, 1, 2, 1, 2, 3, 3, 1, 0, 0, 0, 0, 2, 0, 0, 1, 1, 0, 0, 0, 3, 2, 3, 2, 1, 0, 0, 3, 0, 1, 0, 0, 2, 0, 1, 1, 1, 0, 0, 3, 1, 2, 1, 3, 0, 1, 3, 3, 1, 3, 0, 0, 2, 0, 3, 3, 2, 0, 0, 1, 1, 0, 2]
INFO:rl:Best reward at 1434 is -280, action sequence is [0, 3, 1, 1, 3, 1, 0, 1, 1, 0, 0, 1, 2, 0, 3, 0, 2, 0, 3, 3, 3, 0, 3, 0, 1, 1, 1, 2, 1, 3, 3, 3, 1, 3, 0, 2, 0, 3, 3, 3, 0, 0, 3, 1, 1, 2, 2, 3, 1, 0, 0, 0, 1, 1, 1, 1, 0, 1, 1, 3, 1, 2, 3, 1, 0, 0, 1, 2, 1, 1, 3, 1, 2, 0, 0, 1, 0, 0, 0, 0, 3, 0, 2, 1, 3, 2, 0, 0, 3, 3, 2, 1, 0, 0, 1, 0, 2, 1, 3, 3]
INFO:rl:Best reward at 1570 is -146, action sequence is [3, 0, 0, 0, 2, 0, 3, 3, 3, 3, 0, 3, 1, 1, 1, 2, 1, 3, 3, 3, 1, 1, 3, 0, 2, 0, 3, 0, 2, 1, 0, 3, 0, 1, 1, 3, 3, 1, 3, 0, 0, 2, 0, 3, 3, 2, 0, 3, 3, 3, 1, 3, 1, 0, 0, 0, 1, 1, 1]
INFO:rl:Best reward at 1734 is -137, action sequence is [3, 0, 0, 0, 2, 0, 3, 0, 2, 0, 1, 3, 3, 3, 3, 0, 3, 1, 1, 1, 2, 1, 3, 3, 3, 1, 3, 0, 2, 0, 3, 3, 3, 1, 3, 0, 0, 2, 0, 3, 3, 2, 0, 2, 0, 3, 0, 3, 3, 0, 3, 1, 1, 3, 1]
INFO:rl:Best reward at 1909 is -130, action sequence is [3, 0, 0, 0, 2, 0, 3, 3, 3, 3, 0, 3, 0, 1, 1, 1, 2, 1, 3, 3, 3, 2, 1, 2, 2, 1, 3, 1, 3, 3, 3, 0, 2, 0, 3, 3, 3, 1, 3, 0, 0, 2, 0, 3, 3, 0, 3, 1, 1, 1]
INFO:rl:Best reward at 1924 is -109, action sequence is [3, 0, 0, 1, 3, 2, 0, 0, 2, 0, 3, 3, 3, 3, 0, 3, 1, 1, 1, 2, 1, 3, 3, 3, 1, 3, 0, 2, 0, 3, 3, 3, 1, 3, 0, 0, 2, 0, 0, 1, 3, 3, 3, 0, 3, 1, 1, 1]
INFO:rl:Best reward at 1970 is -94, action sequence is [3, 0, 0, 0, 2, 0, 3, 3, 3, 3, 0, 3, 1, 1, 1, 2, 1, 3, 3, 3, 1, 3, 0, 2, 0, 3, 3, 3, 1, 3, 0, 0, 2, 0, 3, 3, 0, 3, 0, 3, 1, 1, 1]
INFO:rl:Best reward at 2002 is -90, action sequence is [3, 0, 0, 0, 2, 0, 3, 3, 3, 3, 0, 3, 1, 1, 1, 2, 1, 3, 3, 3, 1, 3, 0, 2, 0, 3, 3, 3, 1, 3, 0, 0, 2, 0, 3, 3, 0, 3, 1, 1, 1]
INFO:rl:Best reward at 2048 is -90, action sequence is [3, 0, 0, 0, 2, 0, 3, 3, 3, 3, 0, 3, 1, 1, 1, 2, 1, 3, 3, 3, 1, 3, 0, 2, 0, 3, 3, 3, 1, 3, 0, 0, 2, 0, 3, 3, 0, 3, 1, 1, 1]
INFO:rl:Best reward at 2059 is -90, action sequence is [3, 0, 0, 0, 2, 0, 3, 3, 3, 3, 0, 3, 1, 1, 1, 2, 1, 3, 3, 3, 1, 3, 0, 2, 0, 3, 3, 3, 1, 3, 0, 0, 2, 0, 3, 3, 0, 3, 1, 1, 1]
INFO:rl:Best reward at 2063 is -90, action sequence is [3, 0, 0, 0, 2, 0, 3, 3, 3, 3, 0, 3, 1, 1, 1, 2, 1, 3, 3, 3, 1, 3, 0, 2, 0, 3, 3, 3, 1, 3, 0, 0, 2, 0, 3, 3, 0, 3, 1, 1, 1]
INFO:rl:Best reward at 2066 is -90, action sequence is [3, 0, 0, 0, 2, 0, 3, 3, 3, 3, 0, 3, 1, 1, 1, 2, 1, 3, 3, 3, 1, 3, 0, 2, 0, 3, 3, 3, 1, 3, 0, 0, 2, 0, 3, 3, 0, 3, 1, 1, 1]
INFO:rl:Best reward at 2081 is -90, action sequence is [3, 0, 0, 0, 2, 0, 3, 3, 3, 3, 0, 3, 1, 1, 1, 2, 1, 3, 3, 3, 1, 3, 0, 2, 0, 3, 3, 3, 1, 3, 0, 0, 2, 0, 3, 3, 0, 3, 1, 1, 1]
INFO:rl:Best reward at 2090 is -90, action sequence is [3, 0, 0, 0, 2, 0, 3, 3, 3, 3, 0, 3, 1, 1, 1, 2, 1, 3, 3, 3, 1, 3, 0, 2, 0, 3, 3, 3, 1, 3, 0, 0, 2, 0, 3, 3, 0, 3, 1, 1, 1]
INFO:rl:Best reward at 2091 is -90, action sequence is [3, 0, 0, 0, 2, 0, 3, 3, 3, 3, 0, 3, 1, 1, 1, 2, 1, 3, 3, 3, 1, 3, 0, 2, 0, 3, 3, 3, 1, 3, 0, 0, 2, 0, 3, 3, 0, 3, 1, 1, 1]
INFO:rl:Best reward at 2092 is -90, action sequence is [3, 0, 0, 0, 2, 0, 3, 3, 3, 3, 0, 3, 1, 1, 1, 2, 1, 3, 3, 3, 1, 3, 0, 2, 0, 3, 3, 3, 1, 3, 0, 0, 2, 0, 3, 3, 0, 3, 1, 1, 1]
INFO:rl:Best reward at 2094 is -90, action sequence is [3, 0, 0, 0, 2, 0, 3, 3, 3, 3, 0, 3, 1, 1, 1, 2, 1, 3, 3, 3, 1, 3, 0, 2, 0, 3, 3, 3, 1, 3, 0, 0, 2, 0, 3, 3, 0, 3, 1, 1, 1]
INFO:rl:Best reward at 2095 is -90, action sequence is [3, 0, 0, 0, 2, 0, 3, 3, 3, 3, 0, 3, 1, 1, 1, 2, 1, 3, 3, 3, 1, 3, 0, 2, 0, 3, 3, 3, 1, 3, 0, 0, 2, 0, 3, 3, 0, 3, 1, 1, 1]
INFO:rl:Best reward at 2096 is -90, action sequence is [3, 0, 0, 0, 2, 0, 3, 3, 3, 3, 0, 3, 1, 1, 1, 2, 1, 3, 3, 3, 1, 3, 0, 2, 0, 3, 3, 3, 1, 3, 0, 0, 2, 0, 3, 3, 0, 3, 1, 1, 1]
INFO:rl:Best reward at 2097 is -90, action sequence is [3, 0, 0, 0, 2, 0, 3, 3, 3, 3, 0, 3, 1, 1, 1, 2, 1, 3, 3, 3, 1, 3, 0, 2, 0, 3, 3, 3, 1, 3, 0, 0, 2, 0, 3, 3, 0, 3, 1, 1, 1]
INFO:rl:Best reward at 2099 is -90, action sequence is [3, 0, 0, 0, 2, 0, 3, 3, 3, 3, 0, 3, 1, 1, 1, 2, 1, 3, 3, 3, 1, 3, 0, 2, 0, 3, 3, 3, 1, 3, 0, 0, 2, 0, 3, 3, 0, 3, 1, 1, 1]
INFO:rl:Best reward at 2100 is -90, action sequence is [3, 0, 0, 0, 2, 0, 3, 3, 3, 3, 0, 3, 1, 1, 1, 2, 1, 3, 3, 3, 1, 3, 0, 2, 0, 3, 3, 3, 1, 3, 0, 0, 2, 0, 3, 3, 0, 3, 1, 1, 1]
INFO:rl:Best reward at 2102 is -90, action sequence is [3, 0, 0, 0, 2, 0, 3, 3, 3, 3, 0, 3, 1, 1, 1, 2, 1, 3, 3, 3, 1, 3, 0, 2, 0, 3, 3, 3, 1, 3, 0, 0, 2, 0, 3, 3, 0, 3, 1, 1, 1]
INFO:rl:Best reward at 2103 is -90, action sequence is [3, 0, 0, 0, 2, 0, 3, 3, 3, 3, 0, 3, 1, 1, 1, 2, 1, 3, 3, 3, 1, 3, 0, 2, 0, 3, 3, 3, 1, 3, 0, 0, 2, 0, 3, 3, 0, 3, 1, 1, 1]
INFO:rl:Best reward at 2105 is -90, action sequence is [3, 0, 0, 0, 2, 0, 3, 3, 3, 3, 0, 3, 1, 1, 1, 2, 1, 3, 3, 3, 1, 3, 0, 2, 0, 3, 3, 3, 1, 3, 0, 0, 2, 0, 3, 3, 0, 3, 1, 1, 1]
INFO:rl:Best reward at 2107 is -90, action sequence is [3, 0, 0, 0, 2, 0, 3, 3, 3, 3, 0, 3, 1, 1, 1, 2, 1, 3, 3, 3, 1, 3, 0, 2, 0, 3, 3, 3, 1, 3, 0, 0, 2, 0, 3, 3, 0, 3, 1, 1, 1]
INFO:rl:Best reward at 2108 is -90, action sequence is [3, 0, 0, 0, 2, 0, 3, 3, 3, 3, 0, 3, 1, 1, 1, 2, 1, 3, 3, 3, 1, 3, 0, 2, 0, 3, 3, 3, 1, 3, 0, 0, 2, 0, 3, 3, 0, 3, 1, 1, 1]
INFO:rl:Best reward at 2109 is -90, action sequence is [3, 0, 0, 0, 2, 0, 3, 3, 3, 3, 0, 3, 1, 1, 1, 2, 1, 3, 3, 3, 1, 3, 0, 2, 0, 3, 3, 3, 1, 3, 0, 0, 2, 0, 3, 3, 0, 3, 1, 1, 1]
INFO:rl:Best reward at 2110 is -90, action sequence is [3, 0, 0, 0, 2, 0, 3, 3, 3, 3, 0, 3, 1, 1, 1, 2, 1, 3, 3, 3, 1, 3, 0, 2, 0, 3, 3, 3, 1, 3, 0, 0, 2, 0, 3, 3, 0, 3, 1, 1, 1]
INFO:rl:Best reward at 2111 is -90, action sequence is [3, 0, 0, 0, 2, 0, 3, 3, 3, 3, 0, 3, 1, 1, 1, 2, 1, 3, 3, 3, 1, 3, 0, 2, 0, 3, 3, 3, 1, 3, 0, 0, 2, 0, 3, 3, 0, 3, 1, 1, 1]
INFO:rl:Best reward at 2112 is -90, action sequence is [3, 0, 0, 0, 2, 0, 3, 3, 3, 3, 0, 3, 1, 1, 1, 2, 1, 3, 3, 3, 1, 3, 0, 2, 0, 3, 3, 3, 1, 3, 0, 0, 2, 0, 3, 3, 0, 3, 1, 1, 1]
INFO:rl:Best reward at 2113 is -90, action sequence is [3, 0, 0, 0, 2, 0, 3, 3, 3, 3, 0, 3, 1, 1, 1, 2, 1, 3, 3, 3, 1, 3, 0, 2, 0, 3, 3, 3, 1, 3, 0, 0, 2, 0, 3, 3, 0, 3, 1, 1, 1]
INFO:rl:Best reward at 2114 is -90, action sequence is [3, 0, 0, 0, 2, 0, 3, 3, 3, 3, 0, 3, 1, 1, 1, 2, 1, 3, 3, 3, 1, 3, 0, 2, 0, 3, 3, 3, 1, 3, 0, 0, 2, 0, 3, 3, 0, 3, 1, 1, 1]
INFO:rl:Best reward at 2115 is -90, action sequence is [3, 0, 0, 0, 2, 0, 3, 3, 3, 3, 0, 3, 1, 1, 1, 2, 1, 3, 3, 3, 1, 3, 0, 2, 0, 3, 3, 3, 1, 3, 0, 0, 2, 0, 3, 3, 0, 3, 1, 1, 1]
INFO:rl:Best reward at 2116 is -90, action sequence is [3, 0, 0, 0, 2, 0, 3, 3, 3, 3, 0, 3, 1, 1, 1, 2, 1, 3, 3, 3, 1, 3, 0, 2, 0, 3, 3, 3, 1, 3, 0, 0, 2, 0, 3, 3, 0, 3, 1, 1, 1]
INFO:rl:Best reward at 2118 is -90, action sequence is [3, 0, 0, 0, 2, 0, 3, 3, 3, 3, 0, 3, 1, 1, 1, 2, 1, 3, 3, 3, 1, 3, 0, 2, 0, 3, 3, 3, 1, 3, 0, 0, 2, 0, 3, 3, 0, 3, 1, 1, 1]
INFO:rl:Best reward at 2119 is -90, action sequence is [3, 0, 0, 0, 2, 0, 3, 3, 3, 3, 0, 3, 1, 1, 1, 2, 1, 3, 3, 3, 1, 3, 0, 2, 0, 3, 3, 3, 1, 3, 0, 0, 2, 0, 3, 3, 0, 3, 1, 1, 1]
INFO:rl:Best reward at 2120 is -90, action sequence is [3, 0, 0, 0, 2, 0, 3, 3, 3, 3, 0, 3, 1, 1, 1, 2, 1, 3, 3, 3, 1, 3, 0, 2, 0, 3, 3, 3, 1, 3, 0, 0, 2, 0, 3, 3, 0, 3, 1, 1, 1]
INFO:rl:Best reward at 2121 is -90, action sequence is [3, 0, 0, 0, 2, 0, 3, 3, 3, 3, 0, 3, 1, 1, 1, 2, 1, 3, 3, 3, 1, 3, 0, 2, 0, 3, 3, 3, 1, 3, 0, 0, 2, 0, 3, 3, 0, 3, 1, 1, 1]
INFO:rl:Best reward at 2122 is -90, action sequence is [3, 0, 0, 0, 2, 0, 3, 3, 3, 3, 0, 3, 1, 1, 1, 2, 1, 3, 3, 3, 1, 3, 0, 2, 0, 3, 3, 3, 1, 3, 0, 0, 2, 0, 3, 3, 0, 3, 1, 1, 1]
INFO:rl:Best reward at 2123 is -90, action sequence is [3, 0, 0, 0, 2, 0, 3, 3, 3, 3, 0, 3, 1, 1, 1, 2, 1, 3, 3, 3, 1, 3, 0, 2, 0, 3, 3, 3, 1, 3, 0, 0, 2, 0, 3, 3, 0, 3, 1, 1, 1]
INFO:rl:Best reward at 2124 is -90, action sequence is [3, 0, 0, 0, 2, 0, 3, 3, 3, 3, 0, 3, 1, 1, 1, 2, 1, 3, 3, 3, 1, 3, 0, 2, 0, 3, 3, 3, 1, 3, 0, 0, 2, 0, 3, 3, 0, 3, 1, 1, 1]
INFO:rl:Best reward at 2125 is -90, action sequence is [3, 0, 0, 0, 2, 0, 3, 3, 3, 3, 0, 3, 1, 1, 1, 2, 1, 3, 3, 3, 1, 3, 0, 2, 0, 3, 3, 3, 1, 3, 0, 0, 2, 0, 3, 3, 0, 3, 1, 1, 1]
INFO:rl:Best reward at 2126 is -90, action sequence is [3, 0, 0, 0, 2, 0, 3, 3, 3, 3, 0, 3, 1, 1, 1, 2, 1, 3, 3, 3, 1, 3, 0, 2, 0, 3, 3, 3, 1, 3, 0, 0, 2, 0, 3, 3, 0, 3, 1, 1, 1]
INFO:rl:Best reward at 2127 is -90, action sequence is [3, 0, 0, 0, 2, 0, 3, 3, 3, 3, 0, 3, 1, 1, 1, 2, 1, 3, 3, 3, 1, 3, 0, 2, 0, 3, 3, 3, 1, 3, 0, 0, 2, 0, 3, 3, 0, 3, 1, 1, 1]
INFO:rl:Best reward at 2128 is -90, action sequence is [3, 0, 0, 0, 2, 0, 3, 3, 3, 3, 0, 3, 1, 1, 1, 2, 1, 3, 3, 3, 1, 3, 0, 2, 0, 3, 3, 3, 1, 3, 0, 0, 2, 0, 3, 3, 0, 3, 1, 1, 1]
INFO:rl:Best reward at 2129 is -90, action sequence is [3, 0, 0, 0, 2, 0, 3, 3, 3, 3, 0, 3, 1, 1, 1, 2, 1, 3, 3, 3, 1, 3, 0, 2, 0, 3, 3, 3, 1, 3, 0, 0, 2, 0, 3, 3, 0, 3, 1, 1, 1]
INFO:rl:Best reward at 2130 is -90, action sequence is [3, 0, 0, 0, 2, 0, 3, 3, 3, 3, 0, 3, 1, 1, 1, 2, 1, 3, 3, 3, 1, 3, 0, 2, 0, 3, 3, 3, 1, 3, 0, 0, 2, 0, 3, 3, 0, 3, 1, 1, 1]
INFO:rl:Best reward at 2131 is -90, action sequence is [3, 0, 0, 0, 2, 0, 3, 3, 3, 3, 0, 3, 1, 1, 1, 2, 1, 3, 3, 3, 1, 3, 0, 2, 0, 3, 3, 3, 1, 3, 0, 0, 2, 0, 3, 3, 0, 3, 1, 1, 1]
INFO:rl:Best reward at 2132 is -90, action sequence is [3, 0, 0, 0, 2, 0, 3, 3, 3, 3, 0, 3, 1, 1, 1, 2, 1, 3, 3, 3, 1, 3, 0, 2, 0, 3, 3, 3, 1, 3, 0, 0, 2, 0, 3, 3, 0, 3, 1, 1, 1]
INFO:rl:Best reward at 2133 is -90, action sequence is [3, 0, 0, 0, 2, 0, 3, 3, 3, 3, 0, 3, 1, 1, 1, 2, 1, 3, 3, 3, 1, 3, 0, 2, 0, 3, 3, 3, 1, 3, 0, 0, 2, 0, 3, 3, 0, 3, 1, 1, 1]
INFO:rl:Best reward at 2134 is -90, action sequence is [3, 0, 0, 0, 2, 0, 3, 3, 3, 3, 0, 3, 1, 1, 1, 2, 1, 3, 3, 3, 1, 3, 0, 2, 0, 3, 3, 3, 1, 3, 0, 0, 2, 0, 3, 3, 0, 3, 1, 1, 1]
INFO:rl:Best reward at 2135 is -90, action sequence is [3, 0, 0, 0, 2, 0, 3, 3, 3, 3, 0, 3, 1, 1, 1, 2, 1, 3, 3, 3, 1, 3, 0, 2, 0, 3, 3, 3, 1, 3, 0, 0, 2, 0, 3, 3, 0, 3, 1, 1, 1]
INFO:rl:Best reward at 2137 is -90, action sequence is [3, 0, 0, 0, 2, 0, 3, 3, 3, 3, 0, 3, 1, 1, 1, 2, 1, 3, 3, 3, 1, 3, 0, 2, 0, 3, 3, 3, 1, 3, 0, 0, 2, 0, 3, 3, 0, 3, 1, 1, 1]
INFO:rl:Best reward at 2138 is -90, action sequence is [3, 0, 0, 0, 2, 0, 3, 3, 3, 3, 0, 3, 1, 1, 1, 2, 1, 3, 3, 3, 1, 3, 0, 2, 0, 3, 3, 3, 1, 3, 0, 0, 2, 0, 3, 3, 0, 3, 1, 1, 1]
INFO:rl:Best reward at 2139 is -90, action sequence is [3, 0, 0, 0, 2, 0, 3, 3, 3, 3, 0, 3, 1, 1, 1, 2, 1, 3, 3, 3, 1, 3, 0, 2, 0, 3, 3, 3, 1, 3, 0, 0, 2, 0, 3, 3, 0, 3, 1, 1, 1]
INFO:rl:Best reward at 2140 is -90, action sequence is [3, 0, 0, 0, 2, 0, 3, 3, 3, 3, 0, 3, 1, 1, 1, 2, 1, 3, 3, 3, 1, 3, 0, 2, 0, 3, 3, 3, 1, 3, 0, 0, 2, 0, 3, 3, 0, 3, 1, 1, 1]
INFO:rl:Best reward at 2142 is -90, action sequence is [3, 0, 0, 0, 2, 0, 3, 3, 3, 3, 0, 3, 1, 1, 1, 2, 1, 3, 3, 3, 1, 3, 0, 2, 0, 3, 3, 3, 1, 3, 0, 0, 2, 0, 3, 3, 0, 3, 1, 1, 1]
INFO:rl:Best reward at 2143 is -90, action sequence is [3, 0, 0, 0, 2, 0, 3, 3, 3, 3, 0, 3, 1, 1, 1, 2, 1, 3, 3, 3, 1, 3, 0, 2, 0, 3, 3, 3, 1, 3, 0, 0, 2, 0, 3, 3, 0, 3, 1, 1, 1]
INFO:rl:Best reward at 2144 is -90, action sequence is [3, 0, 0, 0, 2, 0, 3, 3, 3, 3, 0, 3, 1, 1, 1, 2, 1, 3, 3, 3, 1, 3, 0, 2, 0, 3, 3, 3, 1, 3, 0, 0, 2, 0, 3, 3, 0, 3, 1, 1, 1]
INFO:rl:Best reward at 2146 is -90, action sequence is [3, 0, 0, 0, 2, 0, 3, 3, 3, 3, 0, 3, 1, 1, 1, 2, 1, 3, 3, 3, 1, 3, 0, 2, 0, 3, 3, 3, 1, 3, 0, 0, 2, 0, 3, 3, 0, 3, 1, 1, 1]
INFO:rl:Best reward at 2147 is -90, action sequence is [3, 0, 0, 0, 2, 0, 3, 3, 3, 3, 0, 3, 1, 1, 1, 2, 1, 3, 3, 3, 1, 3, 0, 2, 0, 3, 3, 3, 1, 3, 0, 0, 2, 0, 3, 3, 0, 3, 1, 1, 1]
INFO:rl:Best reward at 2148 is -90, action sequence is [3, 0, 0, 0, 2, 0, 3, 3, 3, 3, 0, 3, 1, 1, 1, 2, 1, 3, 3, 3, 1, 3, 0, 2, 0, 3, 3, 3, 1, 3, 0, 0, 2, 0, 3, 3, 0, 3, 1, 1, 1]
INFO:rl:Best reward at 2149 is -90, action sequence is [3, 0, 0, 0, 2, 0, 3, 3, 3, 3, 0, 3, 1, 1, 1, 2, 1, 3, 3, 3, 1, 3, 0, 2, 0, 3, 3, 3, 1, 3, 0, 0, 2, 0, 3, 3, 0, 3, 1, 1, 1]
INFO:rl:Best reward at 2151 is -90, action sequence is [3, 0, 0, 0, 2, 0, 3, 3, 3, 3, 0, 3, 1, 1, 1, 2, 1, 3, 3, 3, 1, 3, 0, 2, 0, 3, 3, 3, 1, 3, 0, 0, 2, 0, 3, 3, 0, 3, 1, 1, 1]
INFO:rl:Best reward at 2152 is -90, action sequence is [3, 0, 0, 0, 2, 0, 3, 3, 3, 3, 0, 3, 1, 1, 1, 2, 1, 3, 3, 3, 1, 3, 0, 2, 0, 3, 3, 3, 1, 3, 0, 0, 2, 0, 3, 3, 0, 3, 1, 1, 1]
INFO:rl:Best reward at 2153 is -90, action sequence is [3, 0, 0, 0, 2, 0, 3, 3, 3, 3, 0, 3, 1, 1, 1, 2, 1, 3, 3, 3, 1, 3, 0, 2, 0, 3, 3, 3, 1, 3, 0, 0, 2, 0, 3, 3, 0, 3, 1, 1, 1]
INFO:rl:Best reward at 2154 is -90, action sequence is [3, 0, 0, 0, 2, 0, 3, 3, 3, 3, 0, 3, 1, 1, 1, 2, 1, 3, 3, 3, 1, 3, 0, 2, 0, 3, 3, 3, 1, 3, 0, 0, 2, 0, 3, 3, 0, 3, 1, 1, 1]
INFO:rl:Best reward at 2155 is -90, action sequence is [3, 0, 0, 0, 2, 0, 3, 3, 3, 3, 0, 3, 1, 1, 1, 2, 1, 3, 3, 3, 1, 3, 0, 2, 0, 3, 3, 3, 1, 3, 0, 0, 2, 0, 3, 3, 0, 3, 1, 1, 1]
INFO:rl:Best reward at 2156 is -90, action sequence is [3, 0, 0, 0, 2, 0, 3, 3, 3, 3, 0, 3, 1, 1, 1, 2, 1, 3, 3, 3, 1, 3, 0, 2, 0, 3, 3, 3, 1, 3, 0, 0, 2, 0, 3, 3, 0, 3, 1, 1, 1]
INFO:rl:Best reward at 2157 is -90, action sequence is [3, 0, 0, 0, 2, 0, 3, 3, 3, 3, 0, 3, 1, 1, 1, 2, 1, 3, 3, 3, 1, 3, 0, 2, 0, 3, 3, 3, 1, 3, 0, 0, 2, 0, 3, 3, 0, 3, 1, 1, 1]
INFO:rl:Best reward at 2158 is -90, action sequence is [3, 0, 0, 0, 2, 0, 3, 3, 3, 3, 0, 3, 1, 1, 1, 2, 1, 3, 3, 3, 1, 3, 0, 2, 0, 3, 3, 3, 1, 3, 0, 0, 2, 0, 3, 3, 0, 3, 1, 1, 1]
INFO:rl:Best reward at 2159 is -90, action sequence is [3, 0, 0, 0, 2, 0, 3, 3, 3, 3, 0, 3, 1, 1, 1, 2, 1, 3, 3, 3, 1, 3, 0, 2, 0, 3, 3, 3, 1, 3, 0, 0, 2, 0, 3, 3, 0, 3, 1, 1, 1]
INFO:rl:Best reward at 2160 is -90, action sequence is [3, 0, 0, 0, 2, 0, 3, 3, 3, 3, 0, 3, 1, 1, 1, 2, 1, 3, 3, 3, 1, 3, 0, 2, 0, 3, 3, 3, 1, 3, 0, 0, 2, 0, 3, 3, 0, 3, 1, 1, 1]
INFO:rl:Best reward at 2161 is -90, action sequence is [3, 0, 0, 0, 2, 0, 3, 3, 3, 3, 0, 3, 1, 1, 1, 2, 1, 3, 3, 3, 1, 3, 0, 2, 0, 3, 3, 3, 1, 3, 0, 0, 2, 0, 3, 3, 0, 3, 1, 1, 1]
INFO:rl:Best reward at 2162 is -90, action sequence is [3, 0, 0, 0, 2, 0, 3, 3, 3, 3, 0, 3, 1, 1, 1, 2, 1, 3, 3, 3, 1, 3, 0, 2, 0, 3, 3, 3, 1, 3, 0, 0, 2, 0, 3, 3, 0, 3, 1, 1, 1]
INFO:rl:Best reward at 2163 is -90, action sequence is [3, 0, 0, 0, 2, 0, 3, 3, 3, 3, 0, 3, 1, 1, 1, 2, 1, 3, 3, 3, 1, 3, 0, 2, 0, 3, 3, 3, 1, 3, 0, 0, 2, 0, 3, 3, 0, 3, 1, 1, 1]
INFO:rl:Best reward at 2164 is -90, action sequence is [3, 0, 0, 0, 2, 0, 3, 3, 3, 3, 0, 3, 1, 1, 1, 2, 1, 3, 3, 3, 1, 3, 0, 2, 0, 3, 3, 3, 1, 3, 0, 0, 2, 0, 3, 3, 0, 3, 1, 1, 1]
INFO:rl:Best reward at 2165 is -90, action sequence is [3, 0, 0, 0, 2, 0, 3, 3, 3, 3, 0, 3, 1, 1, 1, 2, 1, 3, 3, 3, 1, 3, 0, 2, 0, 3, 3, 3, 1, 3, 0, 0, 2, 0, 3, 3, 0, 3, 1, 1, 1]
INFO:rl:Best reward at 2166 is -90, action sequence is [3, 0, 0, 0, 2, 0, 3, 3, 3, 3, 0, 3, 1, 1, 1, 2, 1, 3, 3, 3, 1, 3, 0, 2, 0, 3, 3, 3, 1, 3, 0, 0, 2, 0, 3, 3, 0, 3, 1, 1, 1]
INFO:rl:Best reward at 2167 is -90, action sequence is [3, 0, 0, 0, 2, 0, 3, 3, 3, 3, 0, 3, 1, 1, 1, 2, 1, 3, 3, 3, 1, 3, 0, 2, 0, 3, 3, 3, 1, 3, 0, 0, 2, 0, 3, 3, 0, 3, 1, 1, 1]
INFO:rl:Best reward at 2169 is -90, action sequence is [3, 0, 0, 0, 2, 0, 3, 3, 3, 3, 0, 3, 1, 1, 1, 2, 1, 3, 3, 3, 1, 3, 0, 2, 0, 3, 3, 3, 1, 3, 0, 0, 2, 0, 3, 3, 0, 3, 1, 1, 1]
INFO:rl:Best reward at 2170 is -90, action sequence is [3, 0, 0, 0, 2, 0, 3, 3, 3, 3, 0, 3, 1, 1, 1, 2, 1, 3, 3, 3, 1, 3, 0, 2, 0, 3, 3, 3, 1, 3, 0, 0, 2, 0, 3, 3, 0, 3, 1, 1, 1]
INFO:rl:Best reward at 2171 is -90, action sequence is [3, 0, 0, 0, 2, 0, 3, 3, 3, 3, 0, 3, 1, 1, 1, 2, 1, 3, 3, 3, 1, 3, 0, 2, 0, 3, 3, 3, 1, 3, 0, 0, 2, 0, 3, 3, 0, 3, 1, 1, 1]
INFO:rl:Best reward at 2172 is -90, action sequence is [3, 0, 0, 0, 2, 0, 3, 3, 3, 3, 0, 3, 1, 1, 1, 2, 1, 3, 3, 3, 1, 3, 0, 2, 0, 3, 3, 3, 1, 3, 0, 0, 2, 0, 3, 3, 0, 3, 1, 1, 1]
INFO:rl:Best reward at 2173 is -90, action sequence is [3, 0, 0, 0, 2, 0, 3, 3, 3, 3, 0, 3, 1, 1, 1, 2, 1, 3, 3, 3, 1, 3, 0, 2, 0, 3, 3, 3, 1, 3, 0, 0, 2, 0, 3, 3, 0, 3, 1, 1, 1]
INFO:rl:Best reward at 2174 is -90, action sequence is [3, 0, 0, 0, 2, 0, 3, 3, 3, 3, 0, 3, 1, 1, 1, 2, 1, 3, 3, 3, 1, 3, 0, 2, 0, 3, 3, 3, 1, 3, 0, 0, 2, 0, 3, 3, 0, 3, 1, 1, 1]
INFO:rl:Best reward at 2175 is -90, action sequence is [3, 0, 0, 0, 2, 0, 3, 3, 3, 3, 0, 3, 1, 1, 1, 2, 1, 3, 3, 3, 1, 3, 0, 2, 0, 3, 3, 3, 1, 3, 0, 0, 2, 0, 3, 3, 0, 3, 1, 1, 1]
INFO:rl:Best reward at 2177 is -90, action sequence is [3, 0, 0, 0, 2, 0, 3, 3, 3, 3, 0, 3, 1, 1, 1, 2, 1, 3, 3, 3, 1, 3, 0, 2, 0, 3, 3, 3, 1, 3, 0, 0, 2, 0, 3, 3, 0, 3, 1, 1, 1]
INFO:rl:Best reward at 2178 is -90, action sequence is [3, 0, 0, 0, 2, 0, 3, 3, 3, 3, 0, 3, 1, 1, 1, 2, 1, 3, 3, 3, 1, 3, 0, 2, 0, 3, 3, 3, 1, 3, 0, 0, 2, 0, 3, 3, 0, 3, 1, 1, 1]
INFO:rl:Best reward at 2179 is -90, action sequence is [3, 0, 0, 0, 2, 0, 3, 3, 3, 3, 0, 3, 1, 1, 1, 2, 1, 3, 3, 3, 1, 3, 0, 2, 0, 3, 3, 3, 1, 3, 0, 0, 2, 0, 3, 3, 0, 3, 1, 1, 1]
INFO:rl:Best reward at 2181 is -90, action sequence is [3, 0, 0, 0, 2, 0, 3, 3, 3, 3, 0, 3, 1, 1, 1, 2, 1, 3, 3, 3, 1, 3, 0, 2, 0, 3, 3, 3, 1, 3, 0, 0, 2, 0, 3, 3, 0, 3, 1, 1, 1]
INFO:rl:Best reward at 2183 is -90, action sequence is [3, 0, 0, 0, 2, 0, 3, 3, 3, 3, 0, 3, 1, 1, 1, 2, 1, 3, 3, 3, 1, 3, 0, 2, 0, 3, 3, 3, 1, 3, 0, 0, 2, 0, 3, 3, 0, 3, 1, 1, 1]
INFO:rl:Best reward at 2184 is -90, action sequence is [3, 0, 0, 0, 2, 0, 3, 3, 3, 3, 0, 3, 1, 1, 1, 2, 1, 3, 3, 3, 1, 3, 0, 2, 0, 3, 3, 3, 1, 3, 0, 0, 2, 0, 3, 3, 0, 3, 1, 1, 1]
INFO:rl:Best reward at 2186 is -90, action sequence is [3, 0, 0, 0, 2, 0, 3, 3, 3, 3, 0, 3, 1, 1, 1, 2, 1, 3, 3, 3, 1, 3, 0, 2, 0, 3, 3, 3, 1, 3, 0, 0, 2, 0, 3, 3, 0, 3, 1, 1, 1]
INFO:rl:Best reward at 2187 is -90, action sequence is [3, 0, 0, 0, 2, 0, 3, 3, 3, 3, 0, 3, 1, 1, 1, 2, 1, 3, 3, 3, 1, 3, 0, 2, 0, 3, 3, 3, 1, 3, 0, 0, 2, 0, 3, 3, 0, 3, 1, 1, 1]
INFO:rl:Best reward at 2189 is -90, action sequence is [3, 0, 0, 0, 2, 0, 3, 3, 3, 3, 0, 3, 1, 1, 1, 2, 1, 3, 3, 3, 1, 3, 0, 2, 0, 3, 3, 3, 1, 3, 0, 0, 2, 0, 3, 3, 0, 3, 1, 1, 1]
INFO:rl:Best reward at 2190 is -90, action sequence is [3, 0, 0, 0, 2, 0, 3, 3, 3, 3, 0, 3, 1, 1, 1, 2, 1, 3, 3, 3, 1, 3, 0, 2, 0, 3, 3, 3, 1, 3, 0, 0, 2, 0, 3, 3, 0, 3, 1, 1, 1]
INFO:rl:Best reward at 2191 is -90, action sequence is [3, 0, 0, 0, 2, 0, 3, 3, 3, 3, 0, 3, 1, 1, 1, 2, 1, 3, 3, 3, 1, 3, 0, 2, 0, 3, 3, 3, 1, 3, 0, 0, 2, 0, 3, 3, 0, 3, 1, 1, 1]
INFO:rl:Best reward at 2192 is -90, action sequence is [3, 0, 0, 0, 2, 0, 3, 3, 3, 3, 0, 3, 1, 1, 1, 2, 1, 3, 3, 3, 1, 3, 0, 2, 0, 3, 3, 3, 1, 3, 0, 0, 2, 0, 3, 3, 0, 3, 1, 1, 1]
INFO:rl:Best reward at 2193 is -90, action sequence is [3, 0, 0, 0, 2, 0, 3, 3, 3, 3, 0, 3, 1, 1, 1, 2, 1, 3, 3, 3, 1, 3, 0, 2, 0, 3, 3, 3, 1, 3, 0, 0, 2, 0, 3, 3, 0, 3, 1, 1, 1]
INFO:rl:Best reward at 2194 is -90, action sequence is [3, 0, 0, 0, 2, 0, 3, 3, 3, 3, 0, 3, 1, 1, 1, 2, 1, 3, 3, 3, 1, 3, 0, 2, 0, 3, 3, 3, 1, 3, 0, 0, 2, 0, 3, 3, 0, 3, 1, 1, 1]
INFO:rl:Best reward at 2196 is -90, action sequence is [3, 0, 0, 0, 2, 0, 3, 3, 3, 3, 0, 3, 1, 1, 1, 2, 1, 3, 3, 3, 1, 3, 0, 2, 0, 3, 3, 3, 1, 3, 0, 0, 2, 0, 3, 3, 0, 3, 1, 1, 1]
INFO:rl:Best reward at 2199 is -90, action sequence is [3, 0, 0, 0, 2, 0, 3, 3, 3, 3, 0, 3, 1, 1, 1, 2, 1, 3, 3, 3, 1, 3, 0, 2, 0, 3, 3, 3, 1, 3, 0, 0, 2, 0, 3, 3, 0, 3, 1, 1, 1]
INFO:rl:Best reward at 2200 is -90, action sequence is [3, 0, 0, 0, 2, 0, 3, 3, 3, 3, 0, 3, 1, 1, 1, 2, 1, 3, 3, 3, 1, 3, 0, 2, 0, 3, 3, 3, 1, 3, 0, 0, 2, 0, 3, 3, 0, 3, 1, 1, 1]
INFO:rl:Best reward at 2201 is -90, action sequence is [3, 0, 0, 0, 2, 0, 3, 3, 3, 3, 0, 3, 1, 1, 1, 2, 1, 3, 3, 3, 1, 3, 0, 2, 0, 3, 3, 3, 1, 3, 0, 0, 2, 0, 3, 3, 0, 3, 1, 1, 1]
INFO:rl:Best reward at 2204 is -90, action sequence is [3, 0, 0, 0, 2, 0, 3, 3, 3, 3, 0, 3, 1, 1, 1, 2, 1, 3, 3, 3, 1, 3, 0, 2, 0, 3, 3, 3, 1, 3, 0, 0, 2, 0, 3, 3, 0, 3, 1, 1, 1]
INFO:rl:Best reward at 2208 is -90, action sequence is [3, 0, 0, 0, 2, 0, 3, 3, 3, 3, 0, 3, 1, 1, 1, 2, 1, 3, 3, 3, 1, 3, 0, 2, 0, 3, 3, 3, 1, 3, 0, 0, 2, 0, 3, 3, 0, 3, 1, 1, 1]
INFO:rl:Best reward at 2209 is -90, action sequence is [3, 0, 0, 0, 2, 0, 3, 3, 3, 3, 0, 3, 1, 1, 1, 2, 1, 3, 3, 3, 1, 3, 0, 2, 0, 3, 3, 3, 1, 3, 0, 0, 2, 0, 3, 3, 0, 3, 1, 1, 1]
INFO:rl:Best reward at 2210 is -90, action sequence is [3, 0, 0, 0, 2, 0, 3, 3, 3, 3, 0, 3, 1, 1, 1, 2, 1, 3, 3, 3, 1, 3, 0, 2, 0, 3, 3, 3, 1, 3, 0, 0, 2, 0, 3, 3, 0, 3, 1, 1, 1]
INFO:rl:Best reward at 2211 is -90, action sequence is [3, 0, 0, 0, 2, 0, 3, 3, 3, 3, 0, 3, 1, 1, 1, 2, 1, 3, 3, 3, 1, 3, 0, 2, 0, 3, 3, 3, 1, 3, 0, 0, 2, 0, 3, 3, 0, 3, 1, 1, 1]
INFO:rl:Best reward at 2212 is -90, action sequence is [3, 0, 0, 0, 2, 0, 3, 3, 3, 3, 0, 3, 1, 1, 1, 2, 1, 3, 3, 3, 1, 3, 0, 2, 0, 3, 3, 3, 1, 3, 0, 0, 2, 0, 3, 3, 0, 3, 1, 1, 1]
INFO:rl:Best reward at 2215 is -90, action sequence is [3, 0, 0, 0, 2, 0, 3, 3, 3, 3, 0, 3, 1, 1, 1, 2, 1, 3, 3, 3, 1, 3, 0, 2, 0, 3, 3, 3, 1, 3, 0, 0, 2, 0, 3, 3, 0, 3, 1, 1, 1]
INFO:rl:Best reward at 2216 is -90, action sequence is [3, 0, 0, 0, 2, 0, 3, 3, 3, 3, 0, 3, 1, 1, 1, 2, 1, 3, 3, 3, 1, 3, 0, 2, 0, 3, 3, 3, 1, 3, 0, 0, 2, 0, 3, 3, 0, 3, 1, 1, 1]
INFO:rl:Best reward at 2217 is -90, action sequence is [3, 0, 0, 0, 2, 0, 3, 3, 3, 3, 0, 3, 1, 1, 1, 2, 1, 3, 3, 3, 1, 3, 0, 2, 0, 3, 3, 3, 1, 3, 0, 0, 2, 0, 3, 3, 0, 3, 1, 1, 1]
INFO:rl:Best reward at 2218 is -90, action sequence is [3, 0, 0, 0, 2, 0, 3, 3, 3, 3, 0, 3, 1, 1, 1, 2, 1, 3, 3, 3, 1, 3, 0, 2, 0, 3, 3, 3, 1, 3, 0, 0, 2, 0, 3, 3, 0, 3, 1, 1, 1]
INFO:rl:Best reward at 2220 is -90, action sequence is [3, 0, 0, 0, 2, 0, 3, 3, 3, 3, 0, 3, 1, 1, 1, 2, 1, 3, 3, 3, 1, 3, 0, 2, 0, 3, 3, 3, 1, 3, 0, 0, 2, 0, 3, 3, 0, 3, 1, 1, 1]
INFO:rl:Best reward at 2221 is -90, action sequence is [3, 0, 0, 0, 2, 0, 3, 3, 3, 3, 0, 3, 1, 1, 1, 2, 1, 3, 3, 3, 1, 3, 0, 2, 0, 3, 3, 3, 1, 3, 0, 0, 2, 0, 3, 3, 0, 3, 1, 1, 1]
INFO:rl:Best reward at 2222 is -90, action sequence is [3, 0, 0, 0, 2, 0, 3, 3, 3, 3, 0, 3, 1, 1, 1, 2, 1, 3, 3, 3, 1, 3, 0, 2, 0, 3, 3, 3, 1, 3, 0, 0, 2, 0, 3, 3, 0, 3, 1, 1, 1]
INFO:rl:Best reward at 2224 is -90, action sequence is [3, 0, 0, 0, 2, 0, 3, 3, 3, 3, 0, 3, 1, 1, 1, 2, 1, 3, 3, 3, 1, 3, 0, 2, 0, 3, 3, 3, 1, 3, 0, 0, 2, 0, 3, 3, 0, 3, 1, 1, 1]
INFO:rl:Best reward at 2225 is -90, action sequence is [3, 0, 0, 0, 2, 0, 3, 3, 3, 3, 0, 3, 1, 1, 1, 2, 1, 3, 3, 3, 1, 3, 0, 2, 0, 3, 3, 3, 1, 3, 0, 0, 2, 0, 3, 3, 0, 3, 1, 1, 1]
INFO:rl:Best reward at 2226 is -90, action sequence is [3, 0, 0, 0, 2, 0, 3, 3, 3, 3, 0, 3, 1, 1, 1, 2, 1, 3, 3, 3, 1, 3, 0, 2, 0, 3, 3, 3, 1, 3, 0, 0, 2, 0, 3, 3, 0, 3, 1, 1, 1]
INFO:rl:Best reward at 2227 is -90, action sequence is [3, 0, 0, 0, 2, 0, 3, 3, 3, 3, 0, 3, 1, 1, 1, 2, 1, 3, 3, 3, 1, 3, 0, 2, 0, 3, 3, 3, 1, 3, 0, 0, 2, 0, 3, 3, 0, 3, 1, 1, 1]
INFO:rl:Best reward at 2230 is -90, action sequence is [3, 0, 0, 0, 2, 0, 3, 3, 3, 3, 0, 3, 1, 1, 1, 2, 1, 3, 3, 3, 1, 3, 0, 2, 0, 3, 3, 3, 1, 3, 0, 0, 2, 0, 3, 3, 0, 3, 1, 1, 1]
INFO:rl:Best reward at 2231 is -90, action sequence is [3, 0, 0, 0, 2, 0, 3, 3, 3, 3, 0, 3, 1, 1, 1, 2, 1, 3, 3, 3, 1, 3, 0, 2, 0, 3, 3, 3, 1, 3, 0, 0, 2, 0, 3, 3, 0, 3, 1, 1, 1]
INFO:rl:Best reward at 2232 is -90, action sequence is [3, 0, 0, 0, 2, 0, 3, 3, 3, 3, 0, 3, 1, 1, 1, 2, 1, 3, 3, 3, 1, 3, 0, 2, 0, 3, 3, 3, 1, 3, 0, 0, 2, 0, 3, 3, 0, 3, 1, 1, 1]
INFO:rl:Best reward at 2233 is -90, action sequence is [3, 0, 0, 0, 2, 0, 3, 3, 3, 3, 0, 3, 1, 1, 1, 2, 1, 3, 3, 3, 1, 3, 0, 2, 0, 3, 3, 3, 1, 3, 0, 0, 2, 0, 3, 3, 0, 3, 1, 1, 1]
INFO:rl:Best reward at 2235 is -90, action sequence is [3, 0, 0, 0, 2, 0, 3, 3, 3, 3, 0, 3, 1, 1, 1, 2, 1, 3, 3, 3, 1, 3, 0, 2, 0, 3, 3, 3, 1, 3, 0, 0, 2, 0, 3, 3, 0, 3, 1, 1, 1]
INFO:rl:Best reward at 2236 is -90, action sequence is [3, 0, 0, 0, 2, 0, 3, 3, 3, 3, 0, 3, 1, 1, 1, 2, 1, 3, 3, 3, 1, 3, 0, 2, 0, 3, 3, 3, 1, 3, 0, 0, 2, 0, 3, 3, 0, 3, 1, 1, 1]
INFO:rl:Best reward at 2237 is -90, action sequence is [3, 0, 0, 0, 2, 0, 3, 3, 3, 3, 0, 3, 1, 1, 1, 2, 1, 3, 3, 3, 1, 3, 0, 2, 0, 3, 3, 3, 1, 3, 0, 0, 2, 0, 3, 3, 0, 3, 1, 1, 1]
INFO:rl:Best reward at 2238 is -90, action sequence is [3, 0, 0, 0, 2, 0, 3, 3, 3, 3, 0, 3, 1, 1, 1, 2, 1, 3, 3, 3, 1, 3, 0, 2, 0, 3, 3, 3, 1, 3, 0, 0, 2, 0, 3, 3, 0, 3, 1, 1, 1]
INFO:rl:Best reward at 2239 is -90, action sequence is [3, 0, 0, 0, 2, 0, 3, 3, 3, 3, 0, 3, 1, 1, 1, 2, 1, 3, 3, 3, 1, 3, 0, 2, 0, 3, 3, 3, 1, 3, 0, 0, 2, 0, 3, 3, 0, 3, 1, 1, 1]
INFO:rl:Best reward at 2240 is -90, action sequence is [3, 0, 0, 0, 2, 0, 3, 3, 3, 3, 0, 3, 1, 1, 1, 2, 1, 3, 3, 3, 1, 3, 0, 2, 0, 3, 3, 3, 1, 3, 0, 0, 2, 0, 3, 3, 0, 3, 1, 1, 1]
INFO:rl:Best reward at 2241 is -90, action sequence is [3, 0, 0, 0, 2, 0, 3, 3, 3, 3, 0, 3, 1, 1, 1, 2, 1, 3, 3, 3, 1, 3, 0, 2, 0, 3, 3, 3, 1, 3, 0, 0, 2, 0, 3, 3, 0, 3, 1, 1, 1]
INFO:rl:Best reward at 2242 is -90, action sequence is [3, 0, 0, 0, 2, 0, 3, 3, 3, 3, 0, 3, 1, 1, 1, 2, 1, 3, 3, 3, 1, 3, 0, 2, 0, 3, 3, 3, 1, 3, 0, 0, 2, 0, 3, 3, 0, 3, 1, 1, 1]
INFO:rl:Best reward at 2243 is -90, action sequence is [3, 0, 0, 0, 2, 0, 3, 3, 3, 3, 0, 3, 1, 1, 1, 2, 1, 3, 3, 3, 1, 3, 0, 2, 0, 3, 3, 3, 1, 3, 0, 0, 2, 0, 3, 3, 0, 3, 1, 1, 1]
INFO:rl:Best reward at 2244 is -90, action sequence is [3, 0, 0, 0, 2, 0, 3, 3, 3, 3, 0, 3, 1, 1, 1, 2, 1, 3, 3, 3, 1, 3, 0, 2, 0, 3, 3, 3, 1, 3, 0, 0, 2, 0, 3, 3, 0, 3, 1, 1, 1]
INFO:rl:Best reward at 2245 is -90, action sequence is [3, 0, 0, 0, 2, 0, 3, 3, 3, 3, 0, 3, 1, 1, 1, 2, 1, 3, 3, 3, 1, 3, 0, 2, 0, 3, 3, 3, 1, 3, 0, 0, 2, 0, 3, 3, 0, 3, 1, 1, 1]
INFO:rl:Best reward at 2246 is -90, action sequence is [3, 0, 0, 0, 2, 0, 3, 3, 3, 3, 0, 3, 1, 1, 1, 2, 1, 3, 3, 3, 1, 3, 0, 2, 0, 3, 3, 3, 1, 3, 0, 0, 2, 0, 3, 3, 0, 3, 1, 1, 1]
INFO:rl:Best reward at 2247 is -90, action sequence is [3, 0, 0, 0, 2, 0, 3, 3, 3, 3, 0, 3, 1, 1, 1, 2, 1, 3, 3, 3, 1, 3, 0, 2, 0, 3, 3, 3, 1, 3, 0, 0, 2, 0, 3, 3, 0, 3, 1, 1, 1]
INFO:rl:Best reward at 2249 is -90, action sequence is [3, 0, 0, 0, 2, 0, 3, 3, 3, 3, 0, 3, 1, 1, 1, 2, 1, 3, 3, 3, 1, 3, 0, 2, 0, 3, 3, 3, 1, 3, 0, 0, 2, 0, 3, 3, 0, 3, 1, 1, 1]
INFO:rl:Best reward at 2250 is -90, action sequence is [3, 0, 0, 0, 2, 0, 3, 3, 3, 3, 0, 3, 1, 1, 1, 2, 1, 3, 3, 3, 1, 3, 0, 2, 0, 3, 3, 3, 1, 3, 0, 0, 2, 0, 3, 3, 0, 3, 1, 1, 1]
INFO:rl:Best reward at 2251 is -90, action sequence is [3, 0, 0, 0, 2, 0, 3, 3, 3, 3, 0, 3, 1, 1, 1, 2, 1, 3, 3, 3, 1, 3, 0, 2, 0, 3, 3, 3, 1, 3, 0, 0, 2, 0, 3, 3, 0, 3, 1, 1, 1]
INFO:rl:Best reward at 2252 is -90, action sequence is [3, 0, 0, 0, 2, 0, 3, 3, 3, 3, 0, 3, 1, 1, 1, 2, 1, 3, 3, 3, 1, 3, 0, 2, 0, 3, 3, 3, 1, 3, 0, 0, 2, 0, 3, 3, 0, 3, 1, 1, 1]
INFO:rl:Best reward at 2254 is -90, action sequence is [3, 0, 0, 0, 2, 0, 3, 3, 3, 3, 0, 3, 1, 1, 1, 2, 1, 3, 3, 3, 1, 3, 0, 2, 0, 3, 3, 3, 1, 3, 0, 0, 2, 0, 3, 3, 0, 3, 1, 1, 1]
INFO:rl:Best reward at 2255 is -90, action sequence is [3, 0, 0, 0, 2, 0, 3, 3, 3, 3, 0, 3, 1, 1, 1, 2, 1, 3, 3, 3, 1, 3, 0, 2, 0, 3, 3, 3, 1, 3, 0, 0, 2, 0, 3, 3, 0, 3, 1, 1, 1]
INFO:rl:Best reward at 2257 is -90, action sequence is [3, 0, 0, 0, 2, 0, 3, 3, 3, 3, 0, 3, 1, 1, 1, 2, 1, 3, 3, 3, 1, 3, 0, 2, 0, 3, 3, 3, 1, 3, 0, 0, 2, 0, 3, 3, 0, 3, 1, 1, 1]
INFO:rl:Best reward at 2258 is -90, action sequence is [3, 0, 0, 0, 2, 0, 3, 3, 3, 3, 0, 3, 1, 1, 1, 2, 1, 3, 3, 3, 1, 3, 0, 2, 0, 3, 3, 3, 1, 3, 0, 0, 2, 0, 3, 3, 0, 3, 1, 1, 1]
INFO:rl:Best reward at 2261 is -90, action sequence is [3, 0, 0, 0, 2, 0, 3, 3, 3, 3, 0, 3, 1, 1, 1, 2, 1, 3, 3, 3, 1, 3, 0, 2, 0, 3, 3, 3, 1, 3, 0, 0, 2, 0, 3, 3, 0, 3, 1, 1, 1]
INFO:rl:Best reward at 2262 is -90, action sequence is [3, 0, 0, 0, 2, 0, 3, 3, 3, 3, 0, 3, 1, 1, 1, 2, 1, 3, 3, 3, 1, 3, 0, 2, 0, 3, 3, 3, 1, 3, 0, 0, 2, 0, 3, 3, 0, 3, 1, 1, 1]
INFO:rl:Best reward at 2263 is -90, action sequence is [3, 0, 0, 0, 2, 0, 3, 3, 3, 3, 0, 3, 1, 1, 1, 2, 1, 3, 3, 3, 1, 3, 0, 2, 0, 3, 3, 3, 1, 3, 0, 0, 2, 0, 3, 3, 0, 3, 1, 1, 1]
INFO:rl:Best reward at 2264 is -90, action sequence is [3, 0, 0, 0, 2, 0, 3, 3, 3, 3, 0, 3, 1, 1, 1, 2, 1, 3, 3, 3, 1, 3, 0, 2, 0, 3, 3, 3, 1, 3, 0, 0, 2, 0, 3, 3, 0, 3, 1, 1, 1]
INFO:rl:Best reward at 2266 is -90, action sequence is [3, 0, 0, 0, 2, 0, 3, 3, 3, 3, 0, 3, 1, 1, 1, 2, 1, 3, 3, 3, 1, 3, 0, 2, 0, 3, 3, 3, 1, 3, 0, 0, 2, 0, 3, 3, 0, 3, 1, 1, 1]
INFO:rl:Best reward at 2267 is -90, action sequence is [3, 0, 0, 0, 2, 0, 3, 3, 3, 3, 0, 3, 1, 1, 1, 2, 1, 3, 3, 3, 1, 3, 0, 2, 0, 3, 3, 3, 1, 3, 0, 0, 2, 0, 3, 3, 0, 3, 1, 1, 1]
INFO:rl:Best reward at 2270 is -90, action sequence is [3, 0, 0, 0, 2, 0, 3, 3, 3, 3, 0, 3, 1, 1, 1, 2, 1, 3, 3, 3, 1, 3, 0, 2, 0, 3, 3, 3, 1, 3, 0, 0, 2, 0, 3, 3, 0, 3, 1, 1, 1]
INFO:rl:Best reward at 2271 is -90, action sequence is [3, 0, 0, 0, 2, 0, 3, 3, 3, 3, 0, 3, 1, 1, 1, 2, 1, 3, 3, 3, 1, 3, 0, 2, 0, 3, 3, 3, 1, 3, 0, 0, 2, 0, 3, 3, 0, 3, 1, 1, 1]
INFO:rl:Best reward at 2273 is -90, action sequence is [3, 0, 0, 0, 2, 0, 3, 3, 3, 3, 0, 3, 1, 1, 1, 2, 1, 3, 3, 3, 1, 3, 0, 2, 0, 3, 3, 3, 1, 3, 0, 0, 2, 0, 3, 3, 0, 3, 1, 1, 1]
INFO:rl:Best reward at 2276 is -90, action sequence is [3, 0, 0, 0, 2, 0, 3, 3, 3, 3, 0, 3, 1, 1, 1, 2, 1, 3, 3, 3, 1, 3, 0, 2, 0, 3, 3, 3, 1, 3, 0, 0, 2, 0, 3, 3, 0, 3, 1, 1, 1]
INFO:rl:Best reward at 2277 is -90, action sequence is [3, 0, 0, 0, 2, 0, 3, 3, 3, 3, 0, 3, 1, 1, 1, 2, 1, 3, 3, 3, 1, 3, 0, 2, 0, 3, 3, 3, 1, 3, 0, 0, 2, 0, 3, 3, 0, 3, 1, 1, 1]
INFO:rl:Best reward at 2278 is -90, action sequence is [3, 0, 0, 0, 2, 0, 3, 3, 3, 3, 0, 3, 1, 1, 1, 2, 1, 3, 3, 3, 1, 3, 0, 2, 0, 3, 3, 3, 1, 3, 0, 0, 2, 0, 3, 3, 0, 3, 1, 1, 1]
INFO:rl:Best reward at 2279 is -90, action sequence is [3, 0, 0, 0, 2, 0, 3, 3, 3, 3, 0, 3, 1, 1, 1, 2, 1, 3, 3, 3, 1, 3, 0, 2, 0, 3, 3, 3, 1, 3, 0, 0, 2, 0, 3, 3, 0, 3, 1, 1, 1]
INFO:rl:Best reward at 2281 is -90, action sequence is [3, 0, 0, 0, 2, 0, 3, 3, 3, 3, 0, 3, 1, 1, 1, 2, 1, 3, 3, 3, 1, 3, 0, 2, 0, 3, 3, 3, 1, 3, 0, 0, 2, 0, 3, 3, 0, 3, 1, 1, 1]
INFO:rl:Best reward at 2285 is -90, action sequence is [3, 0, 0, 0, 2, 0, 3, 3, 3, 3, 0, 3, 1, 1, 1, 2, 1, 3, 3, 3, 1, 3, 0, 2, 0, 3, 3, 3, 1, 3, 0, 0, 2, 0, 3, 3, 0, 3, 1, 1, 1]
INFO:rl:Best reward at 2286 is -90, action sequence is [3, 0, 0, 0, 2, 0, 3, 3, 3, 3, 0, 3, 1, 1, 1, 2, 1, 3, 3, 3, 1, 3, 0, 2, 0, 3, 3, 3, 1, 3, 0, 0, 2, 0, 3, 3, 0, 3, 1, 1, 1]
INFO:rl:Best reward at 2287 is -90, action sequence is [3, 0, 0, 0, 2, 0, 3, 3, 3, 3, 0, 3, 1, 1, 1, 2, 1, 3, 3, 3, 1, 3, 0, 2, 0, 3, 3, 3, 1, 3, 0, 0, 2, 0, 3, 3, 0, 3, 1, 1, 1]
INFO:rl:Best reward at 2290 is -90, action sequence is [3, 0, 0, 0, 2, 0, 3, 3, 3, 3, 0, 3, 1, 1, 1, 2, 1, 3, 3, 3, 1, 3, 0, 2, 0, 3, 3, 3, 1, 3, 0, 0, 2, 0, 3, 3, 0, 3, 1, 1, 1]
INFO:rl:Best reward at 2291 is -90, action sequence is [3, 0, 0, 0, 2, 0, 3, 3, 3, 3, 0, 3, 1, 1, 1, 2, 1, 3, 3, 3, 1, 3, 0, 2, 0, 3, 3, 3, 1, 3, 0, 0, 2, 0, 3, 3, 0, 3, 1, 1, 1]
INFO:rl:Best reward at 2293 is -90, action sequence is [3, 0, 0, 0, 2, 0, 3, 3, 3, 3, 0, 3, 1, 1, 1, 2, 1, 3, 3, 3, 1, 3, 0, 2, 0, 3, 3, 3, 1, 3, 0, 0, 2, 0, 3, 3, 0, 3, 1, 1, 1]
INFO:rl:Best reward at 2294 is -90, action sequence is [3, 0, 0, 0, 2, 0, 3, 3, 3, 3, 0, 3, 1, 1, 1, 2, 1, 3, 3, 3, 1, 3, 0, 2, 0, 3, 3, 3, 1, 3, 0, 0, 2, 0, 3, 3, 0, 3, 1, 1, 1]
INFO:rl:Best reward at 2295 is -90, action sequence is [3, 0, 0, 0, 2, 0, 3, 3, 3, 3, 0, 3, 1, 1, 1, 2, 1, 3, 3, 3, 1, 3, 0, 2, 0, 3, 3, 3, 1, 3, 0, 0, 2, 0, 3, 3, 0, 3, 1, 1, 1]
INFO:rl:Best reward at 2297 is -90, action sequence is [3, 0, 0, 0, 2, 0, 3, 3, 3, 3, 0, 3, 1, 1, 1, 2, 1, 3, 3, 3, 1, 3, 0, 2, 0, 3, 3, 3, 1, 3, 0, 0, 2, 0, 3, 3, 0, 3, 1, 1, 1]
INFO:rl:Best reward at 2298 is -90, action sequence is [3, 0, 0, 0, 2, 0, 3, 3, 3, 3, 0, 3, 1, 1, 1, 2, 1, 3, 3, 3, 1, 3, 0, 2, 0, 3, 3, 3, 1, 3, 0, 0, 2, 0, 3, 3, 0, 3, 1, 1, 1]
INFO:rl:Best reward at 2299 is -90, action sequence is [3, 0, 0, 0, 2, 0, 3, 3, 3, 3, 0, 3, 1, 1, 1, 2, 1, 3, 3, 3, 1, 3, 0, 2, 0, 3, 3, 3, 1, 3, 0, 0, 2, 0, 3, 3, 0, 3, 1, 1, 1]
INFO:rl:Best reward at 2300 is -90, action sequence is [3, 0, 0, 0, 2, 0, 3, 3, 3, 3, 0, 3, 1, 1, 1, 2, 1, 3, 3, 3, 1, 3, 0, 2, 0, 3, 3, 3, 1, 3, 0, 0, 2, 0, 3, 3, 0, 3, 1, 1, 1]
INFO:rl:Best reward at 2301 is -90, action sequence is [3, 0, 0, 0, 2, 0, 3, 3, 3, 3, 0, 3, 1, 1, 1, 2, 1, 3, 3, 3, 1, 3, 0, 2, 0, 3, 3, 3, 1, 3, 0, 0, 2, 0, 3, 3, 0, 3, 1, 1, 1]
INFO:rl:Best reward at 2302 is -90, action sequence is [3, 0, 0, 0, 2, 0, 3, 3, 3, 3, 0, 3, 1, 1, 1, 2, 1, 3, 3, 3, 1, 3, 0, 2, 0, 3, 3, 3, 1, 3, 0, 0, 2, 0, 3, 3, 0, 3, 1, 1, 1]
INFO:rl:Best reward at 2303 is -90, action sequence is [3, 0, 0, 0, 2, 0, 3, 3, 3, 3, 0, 3, 1, 1, 1, 2, 1, 3, 3, 3, 1, 3, 0, 2, 0, 3, 3, 3, 1, 3, 0, 0, 2, 0, 3, 3, 0, 3, 1, 1, 1]
INFO:rl:Best reward at 2304 is -90, action sequence is [3, 0, 0, 0, 2, 0, 3, 3, 3, 3, 0, 3, 1, 1, 1, 2, 1, 3, 3, 3, 1, 3, 0, 2, 0, 3, 3, 3, 1, 3, 0, 0, 2, 0, 3, 3, 0, 3, 1, 1, 1]
INFO:rl:Best reward at 2305 is -90, action sequence is [3, 0, 0, 0, 2, 0, 3, 3, 3, 3, 0, 3, 1, 1, 1, 2, 1, 3, 3, 3, 1, 3, 0, 2, 0, 3, 3, 3, 1, 3, 0, 0, 2, 0, 3, 3, 0, 3, 1, 1, 1]
INFO:rl:Best reward at 2306 is -90, action sequence is [3, 0, 0, 0, 2, 0, 3, 3, 3, 3, 0, 3, 1, 1, 1, 2, 1, 3, 3, 3, 1, 3, 0, 2, 0, 3, 3, 3, 1, 3, 0, 0, 2, 0, 3, 3, 0, 3, 1, 1, 1]
INFO:rl:Best reward at 2307 is -90, action sequence is [3, 0, 0, 0, 2, 0, 3, 3, 3, 3, 0, 3, 1, 1, 1, 2, 1, 3, 3, 3, 1, 3, 0, 2, 0, 3, 3, 3, 1, 3, 0, 0, 2, 0, 3, 3, 0, 3, 1, 1, 1]
INFO:rl:Best reward at 2308 is -90, action sequence is [3, 0, 0, 0, 2, 0, 3, 3, 3, 3, 0, 3, 1, 1, 1, 2, 1, 3, 3, 3, 1, 3, 0, 2, 0, 3, 3, 3, 1, 3, 0, 0, 2, 0, 3, 3, 0, 3, 1, 1, 1]
INFO:rl:Best reward at 2309 is -90, action sequence is [3, 0, 0, 0, 2, 0, 3, 3, 3, 3, 0, 3, 1, 1, 1, 2, 1, 3, 3, 3, 1, 3, 0, 2, 0, 3, 3, 3, 1, 3, 0, 0, 2, 0, 3, 3, 0, 3, 1, 1, 1]
INFO:rl:Best reward at 2310 is -90, action sequence is [3, 0, 0, 0, 2, 0, 3, 3, 3, 3, 0, 3, 1, 1, 1, 2, 1, 3, 3, 3, 1, 3, 0, 2, 0, 3, 3, 3, 1, 3, 0, 0, 2, 0, 3, 3, 0, 3, 1, 1, 1]
INFO:rl:Best reward at 2311 is -90, action sequence is [3, 0, 0, 0, 2, 0, 3, 3, 3, 3, 0, 3, 1, 1, 1, 2, 1, 3, 3, 3, 1, 3, 0, 2, 0, 3, 3, 3, 1, 3, 0, 0, 2, 0, 3, 3, 0, 3, 1, 1, 1]
INFO:rl:Best reward at 2313 is -90, action sequence is [3, 0, 0, 0, 2, 0, 3, 3, 3, 3, 0, 3, 1, 1, 1, 2, 1, 3, 3, 3, 1, 3, 0, 2, 0, 3, 3, 3, 1, 3, 0, 0, 2, 0, 3, 3, 0, 3, 1, 1, 1]
INFO:rl:Best reward at 2314 is -90, action sequence is [3, 0, 0, 0, 2, 0, 3, 3, 3, 3, 0, 3, 1, 1, 1, 2, 1, 3, 3, 3, 1, 3, 0, 2, 0, 3, 3, 3, 1, 3, 0, 0, 2, 0, 3, 3, 0, 3, 1, 1, 1]
INFO:rl:Best reward at 2315 is -90, action sequence is [3, 0, 0, 0, 2, 0, 3, 3, 3, 3, 0, 3, 1, 1, 1, 2, 1, 3, 3, 3, 1, 3, 0, 2, 0, 3, 3, 3, 1, 3, 0, 0, 2, 0, 3, 3, 0, 3, 1, 1, 1]
INFO:rl:Best reward at 2318 is -90, action sequence is [3, 0, 0, 0, 2, 0, 3, 3, 3, 3, 0, 3, 1, 1, 1, 2, 1, 3, 3, 3, 1, 3, 0, 2, 0, 3, 3, 3, 1, 3, 0, 0, 2, 0, 3, 3, 0, 3, 1, 1, 1]
INFO:rl:Best reward at 2319 is -90, action sequence is [3, 0, 0, 0, 2, 0, 3, 3, 3, 3, 0, 3, 1, 1, 1, 2, 1, 3, 3, 3, 1, 3, 0, 2, 0, 3, 3, 3, 1, 3, 0, 0, 2, 0, 3, 3, 0, 3, 1, 1, 1]
INFO:rl:Best reward at 2321 is -90, action sequence is [3, 0, 0, 0, 2, 0, 3, 3, 3, 3, 0, 3, 1, 1, 1, 2, 1, 3, 3, 3, 1, 3, 0, 2, 0, 3, 3, 3, 1, 3, 0, 0, 2, 0, 3, 3, 0, 3, 1, 1, 1]
INFO:rl:Best reward at 2323 is -90, action sequence is [3, 0, 0, 0, 2, 0, 3, 3, 3, 3, 0, 3, 1, 1, 1, 2, 1, 3, 3, 3, 1, 3, 0, 2, 0, 3, 3, 3, 1, 3, 0, 0, 2, 0, 3, 3, 0, 3, 1, 1, 1]
INFO:rl:Best reward at 2324 is -90, action sequence is [3, 0, 0, 0, 2, 0, 3, 3, 3, 3, 0, 3, 1, 1, 1, 2, 1, 3, 3, 3, 1, 3, 0, 2, 0, 3, 3, 3, 1, 3, 0, 0, 2, 0, 3, 3, 0, 3, 1, 1, 1]
INFO:rl:Best reward at 2326 is -90, action sequence is [3, 0, 0, 0, 2, 0, 3, 3, 3, 3, 0, 3, 1, 1, 1, 2, 1, 3, 3, 3, 1, 3, 0, 2, 0, 3, 3, 3, 1, 3, 0, 0, 2, 0, 3, 3, 0, 3, 1, 1, 1]
INFO:rl:Best reward at 2329 is -90, action sequence is [3, 0, 0, 0, 2, 0, 3, 3, 3, 3, 0, 3, 1, 1, 1, 2, 1, 3, 3, 3, 1, 3, 0, 2, 0, 3, 3, 3, 1, 3, 0, 0, 2, 0, 3, 3, 0, 3, 1, 1, 1]
INFO:rl:Best reward at 2330 is -90, action sequence is [3, 0, 0, 0, 2, 0, 3, 3, 3, 3, 0, 3, 1, 1, 1, 2, 1, 3, 3, 3, 1, 3, 0, 2, 0, 3, 3, 3, 1, 3, 0, 0, 2, 0, 3, 3, 0, 3, 1, 1, 1]
INFO:rl:Best reward at 2331 is -90, action sequence is [3, 0, 0, 0, 2, 0, 3, 3, 3, 3, 0, 3, 1, 1, 1, 2, 1, 3, 3, 3, 1, 3, 0, 2, 0, 3, 3, 3, 1, 3, 0, 0, 2, 0, 3, 3, 0, 3, 1, 1, 1]
INFO:rl:Best reward at 2333 is -90, action sequence is [3, 0, 0, 0, 2, 0, 3, 3, 3, 3, 0, 3, 1, 1, 1, 2, 1, 3, 3, 3, 1, 3, 0, 2, 0, 3, 3, 3, 1, 3, 0, 0, 2, 0, 3, 3, 0, 3, 1, 1, 1]
INFO:rl:Best reward at 2334 is -90, action sequence is [3, 0, 0, 0, 2, 0, 3, 3, 3, 3, 0, 3, 1, 1, 1, 2, 1, 3, 3, 3, 1, 3, 0, 2, 0, 3, 3, 3, 1, 3, 0, 0, 2, 0, 3, 3, 0, 3, 1, 1, 1]
INFO:rl:Best reward at 2336 is -90, action sequence is [3, 0, 0, 0, 2, 0, 3, 3, 3, 3, 0, 3, 1, 1, 1, 2, 1, 3, 3, 3, 1, 3, 0, 2, 0, 3, 3, 3, 1, 3, 0, 0, 2, 0, 3, 3, 0, 3, 1, 1, 1]
INFO:rl:Best reward at 2337 is -90, action sequence is [3, 0, 0, 0, 2, 0, 3, 3, 3, 3, 0, 3, 1, 1, 1, 2, 1, 3, 3, 3, 1, 3, 0, 2, 0, 3, 3, 3, 1, 3, 0, 0, 2, 0, 3, 3, 0, 3, 1, 1, 1]
INFO:rl:Best reward at 2338 is -90, action sequence is [3, 0, 0, 0, 2, 0, 3, 3, 3, 3, 0, 3, 1, 1, 1, 2, 1, 3, 3, 3, 1, 3, 0, 2, 0, 3, 3, 3, 1, 3, 0, 0, 2, 0, 3, 3, 0, 3, 1, 1, 1]
INFO:rl:Best reward at 2339 is -90, action sequence is [3, 0, 0, 0, 2, 0, 3, 3, 3, 3, 0, 3, 1, 1, 1, 2, 1, 3, 3, 3, 1, 3, 0, 2, 0, 3, 3, 3, 1, 3, 0, 0, 2, 0, 3, 3, 0, 3, 1, 1, 1]
INFO:rl:Best reward at 2340 is -90, action sequence is [3, 0, 0, 0, 2, 0, 3, 3, 3, 3, 0, 3, 1, 1, 1, 2, 1, 3, 3, 3, 1, 3, 0, 2, 0, 3, 3, 3, 1, 3, 0, 0, 2, 0, 3, 3, 0, 3, 1, 1, 1]
INFO:rl:Best reward at 2341 is -90, action sequence is [3, 0, 0, 0, 2, 0, 3, 3, 3, 3, 0, 3, 1, 1, 1, 2, 1, 3, 3, 3, 1, 3, 0, 2, 0, 3, 3, 3, 1, 3, 0, 0, 2, 0, 3, 3, 0, 3, 1, 1, 1]
INFO:rl:Best reward at 2342 is -90, action sequence is [3, 0, 0, 0, 2, 0, 3, 3, 3, 3, 0, 3, 1, 1, 1, 2, 1, 3, 3, 3, 1, 3, 0, 2, 0, 3, 3, 3, 1, 3, 0, 0, 2, 0, 3, 3, 0, 3, 1, 1, 1]
INFO:rl:Best reward at 2343 is -90, action sequence is [3, 0, 0, 0, 2, 0, 3, 3, 3, 3, 0, 3, 1, 1, 1, 2, 1, 3, 3, 3, 1, 3, 0, 2, 0, 3, 3, 3, 1, 3, 0, 0, 2, 0, 3, 3, 0, 3, 1, 1, 1]
INFO:rl:Best reward at 2346 is -90, action sequence is [3, 0, 0, 0, 2, 0, 3, 3, 3, 3, 0, 3, 1, 1, 1, 2, 1, 3, 3, 3, 1, 3, 0, 2, 0, 3, 3, 3, 1, 3, 0, 0, 2, 0, 3, 3, 0, 3, 1, 1, 1]
INFO:rl:Best reward at 2347 is -90, action sequence is [3, 0, 0, 0, 2, 0, 3, 3, 3, 3, 0, 3, 1, 1, 1, 2, 1, 3, 3, 3, 1, 3, 0, 2, 0, 3, 3, 3, 1, 3, 0, 0, 2, 0, 3, 3, 0, 3, 1, 1, 1]
INFO:rl:Best reward at 2348 is -90, action sequence is [3, 0, 0, 0, 2, 0, 3, 3, 3, 3, 0, 3, 1, 1, 1, 2, 1, 3, 3, 3, 1, 3, 0, 2, 0, 3, 3, 3, 1, 3, 0, 0, 2, 0, 3, 3, 0, 3, 1, 1, 1]
INFO:rl:Best reward at 2349 is -90, action sequence is [3, 0, 0, 0, 2, 0, 3, 3, 3, 3, 0, 3, 1, 1, 1, 2, 1, 3, 3, 3, 1, 3, 0, 2, 0, 3, 3, 3, 1, 3, 0, 0, 2, 0, 3, 3, 0, 3, 1, 1, 1]
INFO:rl:Best reward at 2350 is -90, action sequence is [3, 0, 0, 0, 2, 0, 3, 3, 3, 3, 0, 3, 1, 1, 1, 2, 1, 3, 3, 3, 1, 3, 0, 2, 0, 3, 3, 3, 1, 3, 0, 0, 2, 0, 3, 3, 0, 3, 1, 1, 1]
INFO:rl:Best reward at 2353 is -90, action sequence is [3, 0, 0, 0, 2, 0, 3, 3, 3, 3, 0, 3, 1, 1, 1, 2, 1, 3, 3, 3, 1, 3, 0, 2, 0, 3, 3, 3, 1, 3, 0, 0, 2, 0, 3, 3, 0, 3, 1, 1, 1]
INFO:rl:Best reward at 2354 is -90, action sequence is [3, 0, 0, 0, 2, 0, 3, 3, 3, 3, 0, 3, 1, 1, 1, 2, 1, 3, 3, 3, 1, 3, 0, 2, 0, 3, 3, 3, 1, 3, 0, 0, 2, 0, 3, 3, 0, 3, 1, 1, 1]
INFO:rl:Best reward at 2356 is -90, action sequence is [3, 0, 0, 0, 2, 0, 3, 3, 3, 3, 0, 3, 1, 1, 1, 2, 1, 3, 3, 3, 1, 3, 0, 2, 0, 3, 3, 3, 1, 3, 0, 0, 2, 0, 3, 3, 0, 3, 1, 1, 1]
INFO:rl:Best reward at 2357 is -90, action sequence is [3, 0, 0, 0, 2, 0, 3, 3, 3, 3, 0, 3, 1, 1, 1, 2, 1, 3, 3, 3, 1, 3, 0, 2, 0, 3, 3, 3, 1, 3, 0, 0, 2, 0, 3, 3, 0, 3, 1, 1, 1]
INFO:rl:Best reward at 2359 is -90, action sequence is [3, 0, 0, 0, 2, 0, 3, 3, 3, 3, 0, 3, 1, 1, 1, 2, 1, 3, 3, 3, 1, 3, 0, 2, 0, 3, 3, 3, 1, 3, 0, 0, 2, 0, 3, 3, 0, 3, 1, 1, 1]
INFO:rl:Best reward at 2360 is -90, action sequence is [3, 0, 0, 0, 2, 0, 3, 3, 3, 3, 0, 3, 1, 1, 1, 2, 1, 3, 3, 3, 1, 3, 0, 2, 0, 3, 3, 3, 1, 3, 0, 0, 2, 0, 3, 3, 0, 3, 1, 1, 1]
INFO:rl:Best reward at 2361 is -90, action sequence is [3, 0, 0, 0, 2, 0, 3, 3, 3, 3, 0, 3, 1, 1, 1, 2, 1, 3, 3, 3, 1, 3, 0, 2, 0, 3, 3, 3, 1, 3, 0, 0, 2, 0, 3, 3, 0, 3, 1, 1, 1]
INFO:rl:Best reward at 2362 is -90, action sequence is [3, 0, 0, 0, 2, 0, 3, 3, 3, 3, 0, 3, 1, 1, 1, 2, 1, 3, 3, 3, 1, 3, 0, 2, 0, 3, 3, 3, 1, 3, 0, 0, 2, 0, 3, 3, 0, 3, 1, 1, 1]
INFO:rl:Best reward at 2363 is -90, action sequence is [3, 0, 0, 0, 2, 0, 3, 3, 3, 3, 0, 3, 1, 1, 1, 2, 1, 3, 3, 3, 1, 3, 0, 2, 0, 3, 3, 3, 1, 3, 0, 0, 2, 0, 3, 3, 0, 3, 1, 1, 1]
INFO:rl:Best reward at 2364 is -90, action sequence is [3, 0, 0, 0, 2, 0, 3, 3, 3, 3, 0, 3, 1, 1, 1, 2, 1, 3, 3, 3, 1, 3, 0, 2, 0, 3, 3, 3, 1, 3, 0, 0, 2, 0, 3, 3, 0, 3, 1, 1, 1]
INFO:rl:Best reward at 2365 is -90, action sequence is [3, 0, 0, 0, 2, 0, 3, 3, 3, 3, 0, 3, 1, 1, 1, 2, 1, 3, 3, 3, 1, 3, 0, 2, 0, 3, 3, 3, 1, 3, 0, 0, 2, 0, 3, 3, 0, 3, 1, 1, 1]
INFO:rl:Best reward at 2366 is -90, action sequence is [3, 0, 0, 0, 2, 0, 3, 3, 3, 3, 0, 3, 1, 1, 1, 2, 1, 3, 3, 3, 1, 3, 0, 2, 0, 3, 3, 3, 1, 3, 0, 0, 2, 0, 3, 3, 0, 3, 1, 1, 1]
INFO:rl:Best reward at 2367 is -90, action sequence is [3, 0, 0, 0, 2, 0, 3, 3, 3, 3, 0, 3, 1, 1, 1, 2, 1, 3, 3, 3, 1, 3, 0, 2, 0, 3, 3, 3, 1, 3, 0, 0, 2, 0, 3, 3, 0, 3, 1, 1, 1]
INFO:rl:Best reward at 2368 is -90, action sequence is [3, 0, 0, 0, 2, 0, 3, 3, 3, 3, 0, 3, 1, 1, 1, 2, 1, 3, 3, 3, 1, 3, 0, 2, 0, 3, 3, 3, 1, 3, 0, 0, 2, 0, 3, 3, 0, 3, 1, 1, 1]
INFO:rl:Best reward at 2369 is -90, action sequence is [3, 0, 0, 0, 2, 0, 3, 3, 3, 3, 0, 3, 1, 1, 1, 2, 1, 3, 3, 3, 1, 3, 0, 2, 0, 3, 3, 3, 1, 3, 0, 0, 2, 0, 3, 3, 0, 3, 1, 1, 1]
INFO:rl:Best reward at 2370 is -90, action sequence is [3, 0, 0, 0, 2, 0, 3, 3, 3, 3, 0, 3, 1, 1, 1, 2, 1, 3, 3, 3, 1, 3, 0, 2, 0, 3, 3, 3, 1, 3, 0, 0, 2, 0, 3, 3, 0, 3, 1, 1, 1]
INFO:rl:Best reward at 2371 is -90, action sequence is [3, 0, 0, 0, 2, 0, 3, 3, 3, 3, 0, 3, 1, 1, 1, 2, 1, 3, 3, 3, 1, 3, 0, 2, 0, 3, 3, 3, 1, 3, 0, 0, 2, 0, 3, 3, 0, 3, 1, 1, 1]
INFO:rl:Best reward at 2372 is -90, action sequence is [3, 0, 0, 0, 2, 0, 3, 3, 3, 3, 0, 3, 1, 1, 1, 2, 1, 3, 3, 3, 1, 3, 0, 2, 0, 3, 3, 3, 1, 3, 0, 0, 2, 0, 3, 3, 0, 3, 1, 1, 1]
INFO:rl:Best reward at 2373 is -90, action sequence is [3, 0, 0, 0, 2, 0, 3, 3, 3, 3, 0, 3, 1, 1, 1, 2, 1, 3, 3, 3, 1, 3, 0, 2, 0, 3, 3, 3, 1, 3, 0, 0, 2, 0, 3, 3, 0, 3, 1, 1, 1]
INFO:rl:Best reward at 2375 is -90, action sequence is [3, 0, 0, 0, 2, 0, 3, 3, 3, 3, 0, 3, 1, 1, 1, 2, 1, 3, 3, 3, 1, 3, 0, 2, 0, 3, 3, 3, 1, 3, 0, 0, 2, 0, 3, 3, 0, 3, 1, 1, 1]
INFO:rl:Best reward at 2376 is -90, action sequence is [3, 0, 0, 0, 2, 0, 3, 3, 3, 3, 0, 3, 1, 1, 1, 2, 1, 3, 3, 3, 1, 3, 0, 2, 0, 3, 3, 3, 1, 3, 0, 0, 2, 0, 3, 3, 0, 3, 1, 1, 1]
INFO:rl:Best reward at 2377 is -90, action sequence is [3, 0, 0, 0, 2, 0, 3, 3, 3, 3, 0, 3, 1, 1, 1, 2, 1, 3, 3, 3, 1, 3, 0, 2, 0, 3, 3, 3, 1, 3, 0, 0, 2, 0, 3, 3, 0, 3, 1, 1, 1]
INFO:rl:Best reward at 2378 is -90, action sequence is [3, 0, 0, 0, 2, 0, 3, 3, 3, 3, 0, 3, 1, 1, 1, 2, 1, 3, 3, 3, 1, 3, 0, 2, 0, 3, 3, 3, 1, 3, 0, 0, 2, 0, 3, 3, 0, 3, 1, 1, 1]
INFO:rl:Best reward at 2379 is -90, action sequence is [3, 0, 0, 0, 2, 0, 3, 3, 3, 3, 0, 3, 1, 1, 1, 2, 1, 3, 3, 3, 1, 3, 0, 2, 0, 3, 3, 3, 1, 3, 0, 0, 2, 0, 3, 3, 0, 3, 1, 1, 1]
INFO:rl:Best reward at 2380 is -90, action sequence is [3, 0, 0, 0, 2, 0, 3, 3, 3, 3, 0, 3, 1, 1, 1, 2, 1, 3, 3, 3, 1, 3, 0, 2, 0, 3, 3, 3, 1, 3, 0, 0, 2, 0, 3, 3, 0, 3, 1, 1, 1]
INFO:rl:Best reward at 2382 is -90, action sequence is [3, 0, 0, 0, 2, 0, 3, 3, 3, 3, 0, 3, 1, 1, 1, 2, 1, 3, 3, 3, 1, 3, 0, 2, 0, 3, 3, 3, 1, 3, 0, 0, 2, 0, 3, 3, 0, 3, 1, 1, 1]
INFO:rl:Best reward at 2383 is -90, action sequence is [3, 0, 0, 0, 2, 0, 3, 3, 3, 3, 0, 3, 1, 1, 1, 2, 1, 3, 3, 3, 1, 3, 0, 2, 0, 3, 3, 3, 1, 3, 0, 0, 2, 0, 3, 3, 0, 3, 1, 1, 1]
INFO:rl:Best reward at 2385 is -90, action sequence is [3, 0, 0, 0, 2, 0, 3, 3, 3, 3, 0, 3, 1, 1, 1, 2, 1, 3, 3, 3, 1, 3, 0, 2, 0, 3, 3, 3, 1, 3, 0, 0, 2, 0, 3, 3, 0, 3, 1, 1, 1]
INFO:rl:Best reward at 2386 is -90, action sequence is [3, 0, 0, 0, 2, 0, 3, 3, 3, 3, 0, 3, 1, 1, 1, 2, 1, 3, 3, 3, 1, 3, 0, 2, 0, 3, 3, 3, 1, 3, 0, 0, 2, 0, 3, 3, 0, 3, 1, 1, 1]
INFO:rl:Best reward at 2387 is -90, action sequence is [3, 0, 0, 0, 2, 0, 3, 3, 3, 3, 0, 3, 1, 1, 1, 2, 1, 3, 3, 3, 1, 3, 0, 2, 0, 3, 3, 3, 1, 3, 0, 0, 2, 0, 3, 3, 0, 3, 1, 1, 1]
INFO:rl:Best reward at 2388 is -90, action sequence is [3, 0, 0, 0, 2, 0, 3, 3, 3, 3, 0, 3, 1, 1, 1, 2, 1, 3, 3, 3, 1, 3, 0, 2, 0, 3, 3, 3, 1, 3, 0, 0, 2, 0, 3, 3, 0, 3, 1, 1, 1]
INFO:rl:Best reward at 2389 is -90, action sequence is [3, 0, 0, 0, 2, 0, 3, 3, 3, 3, 0, 3, 1, 1, 1, 2, 1, 3, 3, 3, 1, 3, 0, 2, 0, 3, 3, 3, 1, 3, 0, 0, 2, 0, 3, 3, 0, 3, 1, 1, 1]
INFO:rl:Best reward at 2390 is -90, action sequence is [3, 0, 0, 0, 2, 0, 3, 3, 3, 3, 0, 3, 1, 1, 1, 2, 1, 3, 3, 3, 1, 3, 0, 2, 0, 3, 3, 3, 1, 3, 0, 0, 2, 0, 3, 3, 0, 3, 1, 1, 1]
INFO:rl:Best reward at 2391 is -90, action sequence is [3, 0, 0, 0, 2, 0, 3, 3, 3, 3, 0, 3, 1, 1, 1, 2, 1, 3, 3, 3, 1, 3, 0, 2, 0, 3, 3, 3, 1, 3, 0, 0, 2, 0, 3, 3, 0, 3, 1, 1, 1]
INFO:rl:Best reward at 2392 is -90, action sequence is [3, 0, 0, 0, 2, 0, 3, 3, 3, 3, 0, 3, 1, 1, 1, 2, 1, 3, 3, 3, 1, 3, 0, 2, 0, 3, 3, 3, 1, 3, 0, 0, 2, 0, 3, 3, 0, 3, 1, 1, 1]
INFO:rl:Best reward at 2394 is -90, action sequence is [3, 0, 0, 0, 2, 0, 3, 3, 3, 3, 0, 3, 1, 1, 1, 2, 1, 3, 3, 3, 1, 3, 0, 2, 0, 3, 3, 3, 1, 3, 0, 0, 2, 0, 3, 3, 0, 3, 1, 1, 1]
INFO:rl:Best reward at 2395 is -90, action sequence is [3, 0, 0, 0, 2, 0, 3, 3, 3, 3, 0, 3, 1, 1, 1, 2, 1, 3, 3, 3, 1, 3, 0, 2, 0, 3, 3, 3, 1, 3, 0, 0, 2, 0, 3, 3, 0, 3, 1, 1, 1]
INFO:rl:Best reward at 2396 is -90, action sequence is [3, 0, 0, 0, 2, 0, 3, 3, 3, 3, 0, 3, 1, 1, 1, 2, 1, 3, 3, 3, 1, 3, 0, 2, 0, 3, 3, 3, 1, 3, 0, 0, 2, 0, 3, 3, 0, 3, 1, 1, 1]
INFO:rl:Best reward at 2398 is -90, action sequence is [3, 0, 0, 0, 2, 0, 3, 3, 3, 3, 0, 3, 1, 1, 1, 2, 1, 3, 3, 3, 1, 3, 0, 2, 0, 3, 3, 3, 1, 3, 0, 0, 2, 0, 3, 3, 0, 3, 1, 1, 1]
INFO:rl:Best reward at 2400 is -90, action sequence is [3, 0, 0, 0, 2, 0, 3, 3, 3, 3, 0, 3, 1, 1, 1, 2, 1, 3, 3, 3, 1, 3, 0, 2, 0, 3, 3, 3, 1, 3, 0, 0, 2, 0, 3, 3, 0, 3, 1, 1, 1]
INFO:rl:Best reward at 2401 is -90, action sequence is [3, 0, 0, 0, 2, 0, 3, 3, 3, 3, 0, 3, 1, 1, 1, 2, 1, 3, 3, 3, 1, 3, 0, 2, 0, 3, 3, 3, 1, 3, 0, 0, 2, 0, 3, 3, 0, 3, 1, 1, 1]
INFO:rl:Best reward at 2402 is -90, action sequence is [3, 0, 0, 0, 2, 0, 3, 3, 3, 3, 0, 3, 1, 1, 1, 2, 1, 3, 3, 3, 1, 3, 0, 2, 0, 3, 3, 3, 1, 3, 0, 0, 2, 0, 3, 3, 0, 3, 1, 1, 1]
INFO:rl:Best reward at 2403 is -90, action sequence is [3, 0, 0, 0, 2, 0, 3, 3, 3, 3, 0, 3, 1, 1, 1, 2, 1, 3, 3, 3, 1, 3, 0, 2, 0, 3, 3, 3, 1, 3, 0, 0, 2, 0, 3, 3, 0, 3, 1, 1, 1]
INFO:rl:Best reward at 2404 is -90, action sequence is [3, 0, 0, 0, 2, 0, 3, 3, 3, 3, 0, 3, 1, 1, 1, 2, 1, 3, 3, 3, 1, 3, 0, 2, 0, 3, 3, 3, 1, 3, 0, 0, 2, 0, 3, 3, 0, 3, 1, 1, 1]
INFO:rl:Best reward at 2405 is -90, action sequence is [3, 0, 0, 0, 2, 0, 3, 3, 3, 3, 0, 3, 1, 1, 1, 2, 1, 3, 3, 3, 1, 3, 0, 2, 0, 3, 3, 3, 1, 3, 0, 0, 2, 0, 3, 3, 0, 3, 1, 1, 1]
INFO:rl:Best reward at 2406 is -90, action sequence is [3, 0, 0, 0, 2, 0, 3, 3, 3, 3, 0, 3, 1, 1, 1, 2, 1, 3, 3, 3, 1, 3, 0, 2, 0, 3, 3, 3, 1, 3, 0, 0, 2, 0, 3, 3, 0, 3, 1, 1, 1]
INFO:rl:Best reward at 2407 is -90, action sequence is [3, 0, 0, 0, 2, 0, 3, 3, 3, 3, 0, 3, 1, 1, 1, 2, 1, 3, 3, 3, 1, 3, 0, 2, 0, 3, 3, 3, 1, 3, 0, 0, 2, 0, 3, 3, 0, 3, 1, 1, 1]
INFO:rl:Best reward at 2409 is -90, action sequence is [3, 0, 0, 0, 2, 0, 3, 3, 3, 3, 0, 3, 1, 1, 1, 2, 1, 3, 3, 3, 1, 3, 0, 2, 0, 3, 3, 3, 1, 3, 0, 0, 2, 0, 3, 3, 0, 3, 1, 1, 1]
INFO:rl:Best reward at 2411 is -90, action sequence is [3, 0, 0, 0, 2, 0, 3, 3, 3, 3, 0, 3, 1, 1, 1, 2, 1, 3, 3, 3, 1, 3, 0, 2, 0, 3, 3, 3, 1, 3, 0, 0, 2, 0, 3, 3, 0, 3, 1, 1, 1]
INFO:rl:Best reward at 2412 is -90, action sequence is [3, 0, 0, 0, 2, 0, 3, 3, 3, 3, 0, 3, 1, 1, 1, 2, 1, 3, 3, 3, 1, 3, 0, 2, 0, 3, 3, 3, 1, 3, 0, 0, 2, 0, 3, 3, 0, 3, 1, 1, 1]
INFO:rl:Best reward at 2413 is -90, action sequence is [3, 0, 0, 0, 2, 0, 3, 3, 3, 3, 0, 3, 1, 1, 1, 2, 1, 3, 3, 3, 1, 3, 0, 2, 0, 3, 3, 3, 1, 3, 0, 0, 2, 0, 3, 3, 0, 3, 1, 1, 1]
INFO:rl:Best reward at 2414 is -90, action sequence is [3, 0, 0, 0, 2, 0, 3, 3, 3, 3, 0, 3, 1, 1, 1, 2, 1, 3, 3, 3, 1, 3, 0, 2, 0, 3, 3, 3, 1, 3, 0, 0, 2, 0, 3, 3, 0, 3, 1, 1, 1]
INFO:rl:Best reward at 2417 is -90, action sequence is [3, 0, 0, 0, 2, 0, 3, 3, 3, 3, 0, 3, 1, 1, 1, 2, 1, 3, 3, 3, 1, 3, 0, 2, 0, 3, 3, 3, 1, 3, 0, 0, 2, 0, 3, 3, 0, 3, 1, 1, 1]
INFO:rl:Best reward at 2418 is -90, action sequence is [3, 0, 0, 0, 2, 0, 3, 3, 3, 3, 0, 3, 1, 1, 1, 2, 1, 3, 3, 3, 1, 3, 0, 2, 0, 3, 3, 3, 1, 3, 0, 0, 2, 0, 3, 3, 0, 3, 1, 1, 1]
INFO:rl:Best reward at 2419 is -90, action sequence is [3, 0, 0, 0, 2, 0, 3, 3, 3, 3, 0, 3, 1, 1, 1, 2, 1, 3, 3, 3, 1, 3, 0, 2, 0, 3, 3, 3, 1, 3, 0, 0, 2, 0, 3, 3, 0, 3, 1, 1, 1]
INFO:rl:Best reward at 2420 is -90, action sequence is [3, 0, 0, 0, 2, 0, 3, 3, 3, 3, 0, 3, 1, 1, 1, 2, 1, 3, 3, 3, 1, 3, 0, 2, 0, 3, 3, 3, 1, 3, 0, 0, 2, 0, 3, 3, 0, 3, 1, 1, 1]
INFO:rl:Best reward at 2421 is -90, action sequence is [3, 0, 0, 0, 2, 0, 3, 3, 3, 3, 0, 3, 1, 1, 1, 2, 1, 3, 3, 3, 1, 3, 0, 2, 0, 3, 3, 3, 1, 3, 0, 0, 2, 0, 3, 3, 0, 3, 1, 1, 1]
INFO:rl:Best reward at 2422 is -90, action sequence is [3, 0, 0, 0, 2, 0, 3, 3, 3, 3, 0, 3, 1, 1, 1, 2, 1, 3, 3, 3, 1, 3, 0, 2, 0, 3, 3, 3, 1, 3, 0, 0, 2, 0, 3, 3, 0, 3, 1, 1, 1]
INFO:rl:Best reward at 2425 is -90, action sequence is [3, 0, 0, 0, 2, 0, 3, 3, 3, 3, 0, 3, 1, 1, 1, 2, 1, 3, 3, 3, 1, 3, 0, 2, 0, 3, 3, 3, 1, 3, 0, 0, 2, 0, 3, 3, 0, 3, 1, 1, 1]
INFO:rl:Best reward at 2427 is -90, action sequence is [3, 0, 0, 0, 2, 0, 3, 3, 3, 3, 0, 3, 1, 1, 1, 2, 1, 3, 3, 3, 1, 3, 0, 2, 0, 3, 3, 3, 1, 3, 0, 0, 2, 0, 3, 3, 0, 3, 1, 1, 1]
INFO:rl:Best reward at 2428 is -90, action sequence is [3, 0, 0, 0, 2, 0, 3, 3, 3, 3, 0, 3, 1, 1, 1, 2, 1, 3, 3, 3, 1, 3, 0, 2, 0, 3, 3, 3, 1, 3, 0, 0, 2, 0, 3, 3, 0, 3, 1, 1, 1]
INFO:rl:Best reward at 2429 is -90, action sequence is [3, 0, 0, 0, 2, 0, 3, 3, 3, 3, 0, 3, 1, 1, 1, 2, 1, 3, 3, 3, 1, 3, 0, 2, 0, 3, 3, 3, 1, 3, 0, 0, 2, 0, 3, 3, 0, 3, 1, 1, 1]
INFO:rl:Best reward at 2430 is -90, action sequence is [3, 0, 0, 0, 2, 0, 3, 3, 3, 3, 0, 3, 1, 1, 1, 2, 1, 3, 3, 3, 1, 3, 0, 2, 0, 3, 3, 3, 1, 3, 0, 0, 2, 0, 3, 3, 0, 3, 1, 1, 1]
INFO:rl:Best reward at 2431 is -90, action sequence is [3, 0, 0, 0, 2, 0, 3, 3, 3, 3, 0, 3, 1, 1, 1, 2, 1, 3, 3, 3, 1, 3, 0, 2, 0, 3, 3, 3, 1, 3, 0, 0, 2, 0, 3, 3, 0, 3, 1, 1, 1]
INFO:rl:Best reward at 2432 is -90, action sequence is [3, 0, 0, 0, 2, 0, 3, 3, 3, 3, 0, 3, 1, 1, 1, 2, 1, 3, 3, 3, 1, 3, 0, 2, 0, 3, 3, 3, 1, 3, 0, 0, 2, 0, 3, 3, 0, 3, 1, 1, 1]
INFO:rl:Best reward at 2433 is -90, action sequence is [3, 0, 0, 0, 2, 0, 3, 3, 3, 3, 0, 3, 1, 1, 1, 2, 1, 3, 3, 3, 1, 3, 0, 2, 0, 3, 3, 3, 1, 3, 0, 0, 2, 0, 3, 3, 0, 3, 1, 1, 1]
INFO:rl:Best reward at 2435 is -90, action sequence is [3, 0, 0, 0, 2, 0, 3, 3, 3, 3, 0, 3, 1, 1, 1, 2, 1, 3, 3, 3, 1, 3, 0, 2, 0, 3, 3, 3, 1, 3, 0, 0, 2, 0, 3, 3, 0, 3, 1, 1, 1]
INFO:rl:Best reward at 2436 is -90, action sequence is [3, 0, 0, 0, 2, 0, 3, 3, 3, 3, 0, 3, 1, 1, 1, 2, 1, 3, 3, 3, 1, 3, 0, 2, 0, 3, 3, 3, 1, 3, 0, 0, 2, 0, 3, 3, 0, 3, 1, 1, 1]
INFO:rl:Best reward at 2437 is -90, action sequence is [3, 0, 0, 0, 2, 0, 3, 3, 3, 3, 0, 3, 1, 1, 1, 2, 1, 3, 3, 3, 1, 3, 0, 2, 0, 3, 3, 3, 1, 3, 0, 0, 2, 0, 3, 3, 0, 3, 1, 1, 1]
INFO:rl:Best reward at 2438 is -90, action sequence is [3, 0, 0, 0, 2, 0, 3, 3, 3, 3, 0, 3, 1, 1, 1, 2, 1, 3, 3, 3, 1, 3, 0, 2, 0, 3, 3, 3, 1, 3, 0, 0, 2, 0, 3, 3, 0, 3, 1, 1, 1]
INFO:rl:Best reward at 2439 is -90, action sequence is [3, 0, 0, 0, 2, 0, 3, 3, 3, 3, 0, 3, 1, 1, 1, 2, 1, 3, 3, 3, 1, 3, 0, 2, 0, 3, 3, 3, 1, 3, 0, 0, 2, 0, 3, 3, 0, 3, 1, 1, 1]
INFO:rl:Best reward at 2440 is -90, action sequence is [3, 0, 0, 0, 2, 0, 3, 3, 3, 3, 0, 3, 1, 1, 1, 2, 1, 3, 3, 3, 1, 3, 0, 2, 0, 3, 3, 3, 1, 3, 0, 0, 2, 0, 3, 3, 0, 3, 1, 1, 1]
INFO:rl:Best reward at 2441 is -90, action sequence is [3, 0, 0, 0, 2, 0, 3, 3, 3, 3, 0, 3, 1, 1, 1, 2, 1, 3, 3, 3, 1, 3, 0, 2, 0, 3, 3, 3, 1, 3, 0, 0, 2, 0, 3, 3, 0, 3, 1, 1, 1]
INFO:rl:Best reward at 2442 is -90, action sequence is [3, 0, 0, 0, 2, 0, 3, 3, 3, 3, 0, 3, 1, 1, 1, 2, 1, 3, 3, 3, 1, 3, 0, 2, 0, 3, 3, 3, 1, 3, 0, 0, 2, 0, 3, 3, 0, 3, 1, 1, 1]
INFO:rl:Best reward at 2444 is -90, action sequence is [3, 0, 0, 0, 2, 0, 3, 3, 3, 3, 0, 3, 1, 1, 1, 2, 1, 3, 3, 3, 1, 3, 0, 2, 0, 3, 3, 3, 1, 3, 0, 0, 2, 0, 3, 3, 0, 3, 1, 1, 1]
INFO:rl:Best reward at 2445 is -90, action sequence is [3, 0, 0, 0, 2, 0, 3, 3, 3, 3, 0, 3, 1, 1, 1, 2, 1, 3, 3, 3, 1, 3, 0, 2, 0, 3, 3, 3, 1, 3, 0, 0, 2, 0, 3, 3, 0, 3, 1, 1, 1]
INFO:rl:Best reward at 2446 is -90, action sequence is [3, 0, 0, 0, 2, 0, 3, 3, 3, 3, 0, 3, 1, 1, 1, 2, 1, 3, 3, 3, 1, 3, 0, 2, 0, 3, 3, 3, 1, 3, 0, 0, 2, 0, 3, 3, 0, 3, 1, 1, 1]
INFO:rl:Best reward at 2447 is -90, action sequence is [3, 0, 0, 0, 2, 0, 3, 3, 3, 3, 0, 3, 1, 1, 1, 2, 1, 3, 3, 3, 1, 3, 0, 2, 0, 3, 3, 3, 1, 3, 0, 0, 2, 0, 3, 3, 0, 3, 1, 1, 1]
INFO:rl:Best reward at 2452 is -90, action sequence is [3, 0, 0, 0, 2, 0, 3, 3, 3, 3, 0, 3, 1, 1, 1, 2, 1, 3, 3, 3, 1, 3, 0, 2, 0, 3, 3, 3, 1, 3, 0, 0, 2, 0, 3, 3, 0, 3, 1, 1, 1]
INFO:rl:Best reward at 2453 is -90, action sequence is [3, 0, 0, 0, 2, 0, 3, 3, 3, 3, 0, 3, 1, 1, 1, 2, 1, 3, 3, 3, 1, 3, 0, 2, 0, 3, 3, 3, 1, 3, 0, 0, 2, 0, 3, 3, 0, 3, 1, 1, 1]
INFO:rl:Best reward at 2454 is -90, action sequence is [3, 0, 0, 0, 2, 0, 3, 3, 3, 3, 0, 3, 1, 1, 1, 2, 1, 3, 3, 3, 1, 3, 0, 2, 0, 3, 3, 3, 1, 3, 0, 0, 2, 0, 3, 3, 0, 3, 1, 1, 1]
INFO:rl:Best reward at 2455 is -90, action sequence is [3, 0, 0, 0, 2, 0, 3, 3, 3, 3, 0, 3, 1, 1, 1, 2, 1, 3, 3, 3, 1, 3, 0, 2, 0, 3, 3, 3, 1, 3, 0, 0, 2, 0, 3, 3, 0, 3, 1, 1, 1]
INFO:rl:Best reward at 2456 is -90, action sequence is [3, 0, 0, 0, 2, 0, 3, 3, 3, 3, 0, 3, 1, 1, 1, 2, 1, 3, 3, 3, 1, 3, 0, 2, 0, 3, 3, 3, 1, 3, 0, 0, 2, 0, 3, 3, 0, 3, 1, 1, 1]
INFO:rl:Best reward at 2458 is -90, action sequence is [3, 0, 0, 0, 2, 0, 3, 3, 3, 3, 0, 3, 1, 1, 1, 2, 1, 3, 3, 3, 1, 3, 0, 2, 0, 3, 3, 3, 1, 3, 0, 0, 2, 0, 3, 3, 0, 3, 1, 1, 1]
INFO:rl:Best reward at 2459 is -90, action sequence is [3, 0, 0, 0, 2, 0, 3, 3, 3, 3, 0, 3, 1, 1, 1, 2, 1, 3, 3, 3, 1, 3, 0, 2, 0, 3, 3, 3, 1, 3, 0, 0, 2, 0, 3, 3, 0, 3, 1, 1, 1]
INFO:rl:Best reward at 2461 is -90, action sequence is [3, 0, 0, 0, 2, 0, 3, 3, 3, 3, 0, 3, 1, 1, 1, 2, 1, 3, 3, 3, 1, 3, 0, 2, 0, 3, 3, 3, 1, 3, 0, 0, 2, 0, 3, 3, 0, 3, 1, 1, 1]
INFO:rl:Best reward at 2463 is -90, action sequence is [3, 0, 0, 0, 2, 0, 3, 3, 3, 3, 0, 3, 1, 1, 1, 2, 1, 3, 3, 3, 1, 3, 0, 2, 0, 3, 3, 3, 1, 3, 0, 0, 2, 0, 3, 3, 0, 3, 1, 1, 1]
INFO:rl:Best reward at 2464 is -90, action sequence is [3, 0, 0, 0, 2, 0, 3, 3, 3, 3, 0, 3, 1, 1, 1, 2, 1, 3, 3, 3, 1, 3, 0, 2, 0, 3, 3, 3, 1, 3, 0, 0, 2, 0, 3, 3, 0, 3, 1, 1, 1]
INFO:rl:Best reward at 2465 is -90, action sequence is [3, 0, 0, 0, 2, 0, 3, 3, 3, 3, 0, 3, 1, 1, 1, 2, 1, 3, 3, 3, 1, 3, 0, 2, 0, 3, 3, 3, 1, 3, 0, 0, 2, 0, 3, 3, 0, 3, 1, 1, 1]
INFO:rl:Best reward at 2466 is -90, action sequence is [3, 0, 0, 0, 2, 0, 3, 3, 3, 3, 0, 3, 1, 1, 1, 2, 1, 3, 3, 3, 1, 3, 0, 2, 0, 3, 3, 3, 1, 3, 0, 0, 2, 0, 3, 3, 0, 3, 1, 1, 1]
INFO:rl:Best reward at 2467 is -90, action sequence is [3, 0, 0, 0, 2, 0, 3, 3, 3, 3, 0, 3, 1, 1, 1, 2, 1, 3, 3, 3, 1, 3, 0, 2, 0, 3, 3, 3, 1, 3, 0, 0, 2, 0, 3, 3, 0, 3, 1, 1, 1]
INFO:rl:Best reward at 2468 is -90, action sequence is [3, 0, 0, 0, 2, 0, 3, 3, 3, 3, 0, 3, 1, 1, 1, 2, 1, 3, 3, 3, 1, 3, 0, 2, 0, 3, 3, 3, 1, 3, 0, 0, 2, 0, 3, 3, 0, 3, 1, 1, 1]
INFO:rl:Best reward at 2470 is -90, action sequence is [3, 0, 0, 0, 2, 0, 3, 3, 3, 3, 0, 3, 1, 1, 1, 2, 1, 3, 3, 3, 1, 3, 0, 2, 0, 3, 3, 3, 1, 3, 0, 0, 2, 0, 3, 3, 0, 3, 1, 1, 1]
INFO:rl:Best reward at 2472 is -90, action sequence is [3, 0, 0, 0, 2, 0, 3, 3, 3, 3, 0, 3, 1, 1, 1, 2, 1, 3, 3, 3, 1, 3, 0, 2, 0, 3, 3, 3, 1, 3, 0, 0, 2, 0, 3, 3, 0, 3, 1, 1, 1]
INFO:rl:Best reward at 2473 is -90, action sequence is [3, 0, 0, 0, 2, 0, 3, 3, 3, 3, 0, 3, 1, 1, 1, 2, 1, 3, 3, 3, 1, 3, 0, 2, 0, 3, 3, 3, 1, 3, 0, 0, 2, 0, 3, 3, 0, 3, 1, 1, 1]
INFO:rl:Best reward at 2475 is -90, action sequence is [3, 0, 0, 0, 2, 0, 3, 3, 3, 3, 0, 3, 1, 1, 1, 2, 1, 3, 3, 3, 1, 3, 0, 2, 0, 3, 3, 3, 1, 3, 0, 0, 2, 0, 3, 3, 0, 3, 1, 1, 1]
INFO:rl:Best reward at 2478 is -90, action sequence is [3, 0, 0, 0, 2, 0, 3, 3, 3, 3, 0, 3, 1, 1, 1, 2, 1, 3, 3, 3, 1, 3, 0, 2, 0, 3, 3, 3, 1, 3, 0, 0, 2, 0, 3, 3, 0, 3, 1, 1, 1]
INFO:rl:Best reward at 2479 is -90, action sequence is [3, 0, 0, 0, 2, 0, 3, 3, 3, 3, 0, 3, 1, 1, 1, 2, 1, 3, 3, 3, 1, 3, 0, 2, 0, 3, 3, 3, 1, 3, 0, 0, 2, 0, 3, 3, 0, 3, 1, 1, 1]
INFO:rl:Best reward at 2480 is -90, action sequence is [3, 0, 0, 0, 2, 0, 3, 3, 3, 3, 0, 3, 1, 1, 1, 2, 1, 3, 3, 3, 1, 3, 0, 2, 0, 3, 3, 3, 1, 3, 0, 0, 2, 0, 3, 3, 0, 3, 1, 1, 1]
INFO:rl:Best reward at 2481 is -90, action sequence is [3, 0, 0, 0, 2, 0, 3, 3, 3, 3, 0, 3, 1, 1, 1, 2, 1, 3, 3, 3, 1, 3, 0, 2, 0, 3, 3, 3, 1, 3, 0, 0, 2, 0, 3, 3, 0, 3, 1, 1, 1]
INFO:rl:Best reward at 2482 is -90, action sequence is [3, 0, 0, 0, 2, 0, 3, 3, 3, 3, 0, 3, 1, 1, 1, 2, 1, 3, 3, 3, 1, 3, 0, 2, 0, 3, 3, 3, 1, 3, 0, 0, 2, 0, 3, 3, 0, 3, 1, 1, 1]
INFO:rl:Best reward at 2483 is -90, action sequence is [3, 0, 0, 0, 2, 0, 3, 3, 3, 3, 0, 3, 1, 1, 1, 2, 1, 3, 3, 3, 1, 3, 0, 2, 0, 3, 3, 3, 1, 3, 0, 0, 2, 0, 3, 3, 0, 3, 1, 1, 1]
INFO:rl:Best reward at 2485 is -90, action sequence is [3, 0, 0, 0, 2, 0, 3, 3, 3, 3, 0, 3, 1, 1, 1, 2, 1, 3, 3, 3, 1, 3, 0, 2, 0, 3, 3, 3, 1, 3, 0, 0, 2, 0, 3, 3, 0, 3, 1, 1, 1]
INFO:rl:Best reward at 2486 is -90, action sequence is [3, 0, 0, 0, 2, 0, 3, 3, 3, 3, 0, 3, 1, 1, 1, 2, 1, 3, 3, 3, 1, 3, 0, 2, 0, 3, 3, 3, 1, 3, 0, 0, 2, 0, 3, 3, 0, 3, 1, 1, 1]
INFO:rl:Best reward at 2487 is -90, action sequence is [3, 0, 0, 0, 2, 0, 3, 3, 3, 3, 0, 3, 1, 1, 1, 2, 1, 3, 3, 3, 1, 3, 0, 2, 0, 3, 3, 3, 1, 3, 0, 0, 2, 0, 3, 3, 0, 3, 1, 1, 1]
INFO:rl:Best reward at 2488 is -90, action sequence is [3, 0, 0, 0, 2, 0, 3, 3, 3, 3, 0, 3, 1, 1, 1, 2, 1, 3, 3, 3, 1, 3, 0, 2, 0, 3, 3, 3, 1, 3, 0, 0, 2, 0, 3, 3, 0, 3, 1, 1, 1]
INFO:rl:Best reward at 2489 is -90, action sequence is [3, 0, 0, 0, 2, 0, 3, 3, 3, 3, 0, 3, 1, 1, 1, 2, 1, 3, 3, 3, 1, 3, 0, 2, 0, 3, 3, 3, 1, 3, 0, 0, 2, 0, 3, 3, 0, 3, 1, 1, 1]
INFO:rl:Best reward at 2490 is -90, action sequence is [3, 0, 0, 0, 2, 0, 3, 3, 3, 3, 0, 3, 1, 1, 1, 2, 1, 3, 3, 3, 1, 3, 0, 2, 0, 3, 3, 3, 1, 3, 0, 0, 2, 0, 3, 3, 0, 3, 1, 1, 1]
INFO:rl:Best reward at 2492 is -90, action sequence is [3, 0, 0, 0, 2, 0, 3, 3, 3, 3, 0, 3, 1, 1, 1, 2, 1, 3, 3, 3, 1, 3, 0, 2, 0, 3, 3, 3, 1, 3, 0, 0, 2, 0, 3, 3, 0, 3, 1, 1, 1]
INFO:rl:Best reward at 2494 is -90, action sequence is [3, 0, 0, 0, 2, 0, 3, 3, 3, 3, 0, 3, 1, 1, 1, 2, 1, 3, 3, 3, 1, 3, 0, 2, 0, 3, 3, 3, 1, 3, 0, 0, 2, 0, 3, 3, 0, 3, 1, 1, 1]
INFO:rl:Best reward at 2495 is -90, action sequence is [3, 0, 0, 0, 2, 0, 3, 3, 3, 3, 0, 3, 1, 1, 1, 2, 1, 3, 3, 3, 1, 3, 0, 2, 0, 3, 3, 3, 1, 3, 0, 0, 2, 0, 3, 3, 0, 3, 1, 1, 1]
INFO:rl:Best reward at 2496 is -90, action sequence is [3, 0, 0, 0, 2, 0, 3, 3, 3, 3, 0, 3, 1, 1, 1, 2, 1, 3, 3, 3, 1, 3, 0, 2, 0, 3, 3, 3, 1, 3, 0, 0, 2, 0, 3, 3, 0, 3, 1, 1, 1]
INFO:rl:Best reward at 2497 is -90, action sequence is [3, 0, 0, 0, 2, 0, 3, 3, 3, 3, 0, 3, 1, 1, 1, 2, 1, 3, 3, 3, 1, 3, 0, 2, 0, 3, 3, 3, 1, 3, 0, 0, 2, 0, 3, 3, 0, 3, 1, 1, 1]
INFO:rl:Best reward at 2498 is -90, action sequence is [3, 0, 0, 0, 2, 0, 3, 3, 3, 3, 0, 3, 1, 1, 1, 2, 1, 3, 3, 3, 1, 3, 0, 2, 0, 3, 3, 3, 1, 3, 0, 0, 2, 0, 3, 3, 0, 3, 1, 1, 1]
INFO:rl:Best reward at 2499 is -90, action sequence is [3, 0, 0, 0, 2, 0, 3, 3, 3, 3, 0, 3, 1, 1, 1, 2, 1, 3, 3, 3, 1, 3, 0, 2, 0, 3, 3, 3, 1, 3, 0, 0, 2, 0, 3, 3, 0, 3, 1, 1, 1]
INFO:rl:end training at time Sat Oct  1 02:19:37 2022
INFO:rl:training completed, best reward is -90, overall time used is 15.064050912857056 seconds.
